{"/home/travis/build/kaizhu256/node-electron-lite/test.js":{"path":"/home/travis/build/kaizhu256/node-electron-lite/test.js","s":{"1":2,"2":2,"3":2,"4":2,"5":2,"6":2,"7":2,"8":2,"9":2,"10":2,"11":2,"12":1,"13":1,"14":1,"15":1,"16":0,"17":0,"18":1,"19":0,"20":0,"21":1,"22":1,"23":2,"24":2,"25":1,"26":1,"27":1,"28":1,"29":1,"30":1,"31":2,"32":2,"33":1,"34":1,"35":1,"36":1,"37":1,"38":1},"b":{"1":[2,1,1,1],"2":[1,1],"3":[2,1],"4":[1,1],"5":[0,1],"6":[1,1],"7":[1,1]},"f":{"1":2,"2":2,"3":2,"4":2,"5":2,"6":2,"7":1},"fnMap":{"1":{"name":"(anonymous_1)","line":13,"loc":{"start":{"line":13,"column":1},"end":{"line":13,"column":13}}},"2":{"name":"(anonymous_2)","line":20,"loc":{"start":{"line":20,"column":5},"end":{"line":20,"column":17}}},"3":{"name":"(anonymous_3)","line":42,"loc":{"start":{"line":42,"column":5},"end":{"line":42,"column":17}}},"4":{"name":"(anonymous_4)","line":44,"loc":{"start":{"line":44,"column":45},"end":{"line":44,"column":73}},"skip":true},"5":{"name":"(anonymous_5)","line":66,"loc":{"start":{"line":66,"column":42},"end":{"line":66,"column":70}}},"6":{"name":"(anonymous_6)","line":80,"loc":{"start":{"line":80,"column":40},"end":{"line":80,"column":68}}},"7":{"name":"(anonymous_7)","line":89,"loc":{"start":{"line":89,"column":27},"end":{"line":89,"column":39}}}},"statementMap":{"1":{"start":{"line":13,"column":0},"end":{"line":95,"column":5}},"2":{"start":{"line":15,"column":4},"end":{"line":15,"column":14}},"3":{"start":{"line":20,"column":4},"end":{"line":37,"column":9}},"4":{"start":{"line":22,"column":8},"end":{"line":22,"column":19}},"5":{"start":{"line":24,"column":8},"end":{"line":27,"column":67}},"6":{"start":{"line":29,"column":8},"end":{"line":31,"column":21}},"7":{"start":{"line":33,"column":8},"end":{"line":34,"column":49}},"8":{"start":{"line":36,"column":8},"end":{"line":36,"column":36}},"9":{"start":{"line":42,"column":4},"end":{"line":94,"column":9}},"10":{"start":{"line":44,"column":8},"end":{"line":64,"column":10},"skip":true},"11":{"start":{"line":48,"column":12},"end":{"line":51,"column":13},"skip":true},"12":{"start":{"line":49,"column":16},"end":{"line":49,"column":39},"skip":true},"13":{"start":{"line":50,"column":16},"end":{"line":50,"column":23},"skip":true},"14":{"start":{"line":52,"column":12},"end":{"line":57,"column":13},"skip":true},"15":{"start":{"line":53,"column":16},"end":{"line":53,"column":53},"skip":true},"16":{"start":{"line":55,"column":16},"end":{"line":55,"column":39},"skip":true},"17":{"start":{"line":56,"column":16},"end":{"line":56,"column":23},"skip":true},"18":{"start":{"line":58,"column":12},"end":{"line":61,"column":13},"skip":true},"19":{"start":{"line":59,"column":16},"end":{"line":59,"column":98},"skip":true},"20":{"start":{"line":60,"column":16},"end":{"line":60,"column":93},"skip":true},"21":{"start":{"line":62,"column":12},"end":{"line":62,"column":67},"skip":true},"22":{"start":{"line":63,"column":12},"end":{"line":63,"column":48},"skip":true},"23":{"start":{"line":66,"column":8},"end":{"line":78,"column":10}},"24":{"start":{"line":70,"column":12},"end":{"line":73,"column":13}},"25":{"start":{"line":71,"column":16},"end":{"line":71,"column":39}},"26":{"start":{"line":72,"column":16},"end":{"line":72,"column":23}},"27":{"start":{"line":74,"column":12},"end":{"line":74,"column":76}},"28":{"start":{"line":75,"column":12},"end":{"line":75,"column":73}},"29":{"start":{"line":76,"column":12},"end":{"line":76,"column":74}},"30":{"start":{"line":77,"column":12},"end":{"line":77,"column":35}},"31":{"start":{"line":80,"column":8},"end":{"line":93,"column":10}},"32":{"start":{"line":84,"column":12},"end":{"line":87,"column":13}},"33":{"start":{"line":85,"column":16},"end":{"line":85,"column":39}},"34":{"start":{"line":86,"column":16},"end":{"line":86,"column":23}},"35":{"start":{"line":88,"column":12},"end":{"line":88,"column":35}},"36":{"start":{"line":89,"column":12},"end":{"line":92,"column":14}},"37":{"start":{"line":90,"column":16},"end":{"line":90,"column":39}},"38":{"start":{"line":91,"column":16},"end":{"line":91,"column":39}}},"branchMap":{"1":{"line":24,"type":"binary-expr","locations":[{"start":{"line":24,"column":26},"end":{"line":24,"column":52}},{"start":{"line":25,"column":12},"end":{"line":25,"column":55}},{"start":{"line":26,"column":12},"end":{"line":26,"column":27}},{"start":{"line":27,"column":12},"end":{"line":27,"column":66}}]},"2":{"line":29,"type":"cond-expr","locations":[{"start":{"line":30,"column":14},"end":{"line":30,"column":20}},{"start":{"line":31,"column":14},"end":{"line":31,"column":20}}]},"3":{"line":33,"type":"binary-expr","locations":[{"start":{"line":33,"column":38},"end":{"line":33,"column":59}},{"start":{"line":34,"column":12},"end":{"line":34,"column":31}}]},"4":{"line":48,"type":"if","locations":[{"start":{"line":48,"column":12},"end":{"line":48,"column":12},"skip":true},{"start":{"line":48,"column":12},"end":{"line":48,"column":12},"skip":true}]},"5":{"line":58,"type":"if","locations":[{"start":{"line":58,"column":12},"end":{"line":58,"column":12},"skip":true},{"start":{"line":58,"column":12},"end":{"line":58,"column":12},"skip":true}]},"6":{"line":70,"type":"if","locations":[{"start":{"line":70,"column":12},"end":{"line":70,"column":12}},{"start":{"line":70,"column":12},"end":{"line":70,"column":12}}]},"7":{"line":84,"type":"if","locations":[{"start":{"line":84,"column":12},"end":{"line":84,"column":12}},{"start":{"line":84,"column":12},"end":{"line":84,"column":12}}]}},"code":["/* istanbul instrument in package electron */","/* jslint-utility2 */","/*jslint","    bitwise: true,","    browser: true,","    maxerr: 4,","    maxlen: 100,","    node: true,","    nomen: true,","    regexp: true,","    stupid: true","*/","(function () {","    'use strict';","    var local;","","","","    // run shared js-env code - init-before","    (function () {","        // init local","        local = {};","        // init isBrowser","        local.isBrowser = typeof window === \"object\" &&","            typeof window.XMLHttpRequest === \"function\" &&","            window.document &&","            typeof window.document.querySelectorAll === \"function\";","        // init global","        local.global = local.isBrowser","            ? window","            : global;","        // re-init local","        local = local.global.local = (local.global.utility2 ||","            require('utility2')).requireReadme();","        // init test","        local.testRunDefault(local);","    }());","","","","    // run shared js-env code - function","    (function () {","        /* istanbul ignore next */","        local.testCase_buildApidoc_default = function (options, onError) {","        /*","         * this function will test buildApidoc's default handling-behavior-behavior","         */","            if (local.isBrowser) {","                onError(null, options);","                return;","            }","            try {","                local.electron = require('electron');","            } catch (errorCaught) {","                onError(null, options);","                return;","            }","            if (process.env.npm_config_mode_test_case === 'testCase_buildApidoc_default') {","                local.electron.NativeImage = local.electron.nativeImage.createEmpty().constructor;","                local.electron.WebContents = local.electron.webContents.create().constructor;","            }","            options = { moduleDict: { electron: local.electron } };","            local.buildApidoc(options, onError);","        };","","        local.testCase_buildApp_default = function (options, onError) {","        /*","         * this function will test buildApp's default handling-behavior","         */","            if (local.isBrowser) {","                onError(null, options);","                return;","            }","            local.testCase_buildReadme_default(options, local.onErrorThrow);","            local.testCase_buildLib_default(options, local.onErrorThrow);","            local.testCase_buildTest_default(options, local.onErrorThrow);","            onError(null, options);","        };","","        local.testCase_exampleJs_exit = function (options, onError) {","        /*","         * this function will test example.js's exit handling-behavior","         */","            if (local.isBrowser) {","                onError(null, options);","                return;","            }","            options = process.exit;","            process.exit = function () {","                process.exit = options;","                onError(null, options);","            };","        };","    }());","}());",""],"l":{"13":2,"15":2,"20":2,"22":2,"24":2,"29":2,"33":2,"36":2,"42":2,"44":2,"48":2,"49":1,"50":1,"52":1,"53":1,"55":1,"56":1,"58":1,"59":1,"60":1,"62":1,"63":1,"66":2,"70":2,"71":1,"72":1,"74":1,"75":1,"76":1,"77":1,"80":2,"84":2,"85":1,"86":1,"88":1,"89":1,"90":1,"91":1}},"/home/travis/build/kaizhu256/node-electron-lite/lib.electron.js":{"path":"/home/travis/build/kaizhu256/node-electron-lite/lib.electron.js","s":{"1":1,"2":1,"3":1,"4":1,"5":1,"6":1,"7":1,"8":1,"9":1,"10":0,"11":0,"12":0,"13":0,"14":0,"15":1,"16":1,"17":1,"18":1,"19":1,"20":0,"21":1,"22":1,"23":1,"24":1,"25":1,"26":1,"27":1,"28":1,"29":1,"30":1,"31":1,"32":1,"33":1,"34":1,"35":1,"36":1,"37":1,"38":1,"39":1,"40":1,"41":1,"42":1,"43":1,"44":1,"45":1,"46":1,"47":1,"48":1,"49":1,"50":1,"51":1,"52":1,"53":1,"54":0,"55":0,"56":0,"57":0,"58":0,"59":0,"60":0,"61":0,"62":0,"63":0,"64":0,"65":0},"b":{"1":[1,0,1],"2":[1,0],"3":[1,0,0,0],"4":[0,1],"5":[1,1],"6":[0,1],"7":[1,0],"8":[1,1,0],"9":[0,0],"10":[0,0],"11":[0,0],"12":[0,0],"13":[0,0,0]},"f":{"1":1,"2":1,"3":1,"4":0,"5":1,"6":0,"7":0},"fnMap":{"1":{"name":"(anonymous_1)","line":23,"loc":{"start":{"line":23,"column":1},"end":{"line":23,"column":13}}},"2":{"name":"(anonymous_2)","line":31,"loc":{"start":{"line":31,"column":5},"end":{"line":31,"column":17}},"skip":true},"3":{"name":"(anonymous_3)","line":33,"loc":{"start":{"line":33,"column":9},"end":{"line":33,"column":21}},"skip":true},"4":{"name":"(anonymous_4)","line":38,"loc":{"start":{"line":38,"column":43},"end":{"line":38,"column":59}},"skip":true},"5":{"name":"(anonymous_5)","line":114,"loc":{"start":{"line":114,"column":5},"end":{"line":114,"column":17}},"skip":true},"6":{"name":"(anonymous_6)","line":124,"loc":{"start":{"line":124,"column":15},"end":{"line":124,"column":31}},"skip":true},"7":{"name":"(anonymous_7)","line":137,"loc":{"start":{"line":137,"column":38},"end":{"line":137,"column":69}},"skip":true}},"statementMap":{"1":{"start":{"line":23,"column":0},"end":{"line":151,"column":5}},"2":{"start":{"line":25,"column":4},"end":{"line":25,"column":14}},"3":{"start":{"line":31,"column":4},"end":{"line":108,"column":9},"skip":true},"4":{"start":{"line":33,"column":8},"end":{"line":50,"column":13},"skip":true},"5":{"start":{"line":34,"column":12},"end":{"line":34,"column":43},"skip":true},"6":{"start":{"line":35,"column":12},"end":{"line":35,"column":41},"skip":true},"7":{"start":{"line":36,"column":12},"end":{"line":36,"column":71},"skip":true},"8":{"start":{"line":37,"column":12},"end":{"line":37,"column":52},"skip":true},"9":{"start":{"line":38,"column":12},"end":{"line":49,"column":14},"skip":true},"10":{"start":{"line":43,"column":16},"end":{"line":43,"column":61},"skip":true},"11":{"start":{"line":44,"column":16},"end":{"line":44,"column":43},"skip":true},"12":{"start":{"line":45,"column":16},"end":{"line":45,"column":55},"skip":true},"13":{"start":{"line":46,"column":16},"end":{"line":46,"column":55},"skip":true},"14":{"start":{"line":48,"column":16},"end":{"line":48,"column":28},"skip":true},"15":{"start":{"line":52,"column":8},"end":{"line":52,"column":19},"skip":true},"16":{"start":{"line":54,"column":8},"end":{"line":57,"column":67},"skip":true},"17":{"start":{"line":59,"column":8},"end":{"line":61,"column":21},"skip":true},"18":{"start":{"line":63,"column":8},"end":{"line":65,"column":18},"skip":true},"19":{"start":{"line":67,"column":8},"end":{"line":100,"column":9},"skip":true},"20":{"start":{"line":68,"column":12},"end":{"line":68,"column":51},"skip":true},"21":{"start":{"line":72,"column":12},"end":{"line":72,"column":45},"skip":true},"22":{"start":{"line":73,"column":12},"end":{"line":73,"column":59},"skip":true},"23":{"start":{"line":74,"column":12},"end":{"line":74,"column":47},"skip":true},"24":{"start":{"line":75,"column":12},"end":{"line":75,"column":45},"skip":true},"25":{"start":{"line":76,"column":12},"end":{"line":76,"column":43},"skip":true},"26":{"start":{"line":77,"column":12},"end":{"line":77,"column":39},"skip":true},"27":{"start":{"line":78,"column":12},"end":{"line":78,"column":45},"skip":true},"28":{"start":{"line":79,"column":12},"end":{"line":79,"column":45},"skip":true},"29":{"start":{"line":80,"column":12},"end":{"line":80,"column":37},"skip":true},"30":{"start":{"line":81,"column":12},"end":{"line":81,"column":41},"skip":true},"31":{"start":{"line":82,"column":12},"end":{"line":82,"column":43},"skip":true},"32":{"start":{"line":83,"column":12},"end":{"line":83,"column":39},"skip":true},"33":{"start":{"line":84,"column":12},"end":{"line":84,"column":37},"skip":true},"34":{"start":{"line":85,"column":12},"end":{"line":85,"column":41},"skip":true},"35":{"start":{"line":86,"column":12},"end":{"line":86,"column":55},"skip":true},"36":{"start":{"line":87,"column":12},"end":{"line":87,"column":49},"skip":true},"37":{"start":{"line":88,"column":12},"end":{"line":88,"column":41},"skip":true},"38":{"start":{"line":89,"column":12},"end":{"line":89,"column":45},"skip":true},"39":{"start":{"line":90,"column":12},"end":{"line":90,"column":61},"skip":true},"40":{"start":{"line":91,"column":12},"end":{"line":91,"column":45},"skip":true},"41":{"start":{"line":92,"column":12},"end":{"line":92,"column":39},"skip":true},"42":{"start":{"line":93,"column":12},"end":{"line":93,"column":39},"skip":true},"43":{"start":{"line":94,"column":12},"end":{"line":94,"column":39},"skip":true},"44":{"start":{"line":95,"column":12},"end":{"line":95,"column":41},"skip":true},"45":{"start":{"line":96,"column":12},"end":{"line":96,"column":37},"skip":true},"46":{"start":{"line":97,"column":12},"end":{"line":97,"column":41},"skip":true},"47":{"start":{"line":98,"column":12},"end":{"line":98,"column":35},"skip":true},"48":{"start":{"line":99,"column":12},"end":{"line":99,"column":49},"skip":true},"49":{"start":{"line":102,"column":8},"end":{"line":102,"column":45},"skip":true},"50":{"start":{"line":107,"column":8},"end":{"line":107,"column":15},"skip":true},"51":{"start":{"line":114,"column":4},"end":{"line":150,"column":9},"skip":true},"52":{"start":{"line":116,"column":8},"end":{"line":118,"column":9},"skip":true},"53":{"start":{"line":117,"column":12},"end":{"line":117,"column":19},"skip":true},"54":{"start":{"line":119,"column":8},"end":{"line":129,"column":11},"skip":true},"55":{"start":{"line":125,"column":12},"end":{"line":128,"column":13},"skip":true},"56":{"start":{"line":126,"column":16},"end":{"line":126,"column":40},"skip":true},"57":{"start":{"line":127,"column":16},"end":{"line":127,"column":28},"skip":true},"58":{"start":{"line":131,"column":8},"end":{"line":135,"column":10},"skip":true},"59":{"start":{"line":136,"column":8},"end":{"line":136,"column":45},"skip":true},"60":{"start":{"line":137,"column":8},"end":{"line":149,"column":11},"skip":true},"61":{"start":{"line":140,"column":12},"end":{"line":148,"column":13},"skip":true},"62":{"start":{"line":143,"column":16},"end":{"line":143,"column":58},"skip":true},"63":{"start":{"line":144,"column":16},"end":{"line":144,"column":35},"skip":true},"64":{"start":{"line":145,"column":16},"end":{"line":145,"column":22},"skip":true},"65":{"start":{"line":147,"column":16},"end":{"line":147,"column":58},"skip":true}},"branchMap":{"1":{"line":36,"type":"binary-expr","locations":[{"start":{"line":36,"column":23},"end":{"line":36,"column":49},"skip":true},{"start":{"line":36,"column":53},"end":{"line":36,"column":59},"skip":true},{"start":{"line":36,"column":64},"end":{"line":36,"column":70},"skip":true}]},"2":{"line":38,"type":"binary-expr","locations":[{"start":{"line":38,"column":27},"end":{"line":38,"column":39},"skip":true},{"start":{"line":38,"column":43},"end":{"line":49,"column":13},"skip":true}]},"3":{"line":54,"type":"binary-expr","locations":[{"start":{"line":54,"column":26},"end":{"line":54,"column":52},"skip":true},{"start":{"line":55,"column":12},"end":{"line":55,"column":55},"skip":true},{"start":{"line":56,"column":12},"end":{"line":56,"column":27},"skip":true},{"start":{"line":57,"column":12},"end":{"line":57,"column":66},"skip":true}]},"4":{"line":59,"type":"cond-expr","locations":[{"start":{"line":60,"column":14},"end":{"line":60,"column":20},"skip":true},{"start":{"line":61,"column":14},"end":{"line":61,"column":20},"skip":true}]},"5":{"line":63,"type":"binary-expr","locations":[{"start":{"line":63,"column":16},"end":{"line":63,"column":44},"skip":true},{"start":{"line":65,"column":12},"end":{"line":65,"column":17},"skip":true}]},"6":{"line":67,"type":"if","locations":[{"start":{"line":67,"column":8},"end":{"line":67,"column":8},"skip":true},{"start":{"line":67,"column":8},"end":{"line":67,"column":8},"skip":true}]},"7":{"line":116,"type":"if","locations":[{"start":{"line":116,"column":8},"end":{"line":116,"column":8},"skip":true},{"start":{"line":116,"column":8},"end":{"line":116,"column":8},"skip":true}]},"8":{"line":116,"type":"binary-expr","locations":[{"start":{"line":116,"column":12},"end":{"line":116,"column":27},"skip":true},{"start":{"line":116,"column":31},"end":{"line":116,"column":54},"skip":true},{"start":{"line":116,"column":58},"end":{"line":116,"column":83},"skip":true}]},"9":{"line":120,"type":"binary-expr","locations":[{"start":{"line":120,"column":12},"end":{"line":120,"column":41},"skip":true},{"start":{"line":120,"column":45},"end":{"line":120,"column":97},"skip":true}]},"10":{"line":121,"type":"binary-expr","locations":[{"start":{"line":121,"column":12},"end":{"line":121,"column":41},"skip":true},{"start":{"line":122,"column":19},"end":{"line":122,"column":79},"skip":true}]},"11":{"line":125,"type":"if","locations":[{"start":{"line":125,"column":12},"end":{"line":125,"column":12},"skip":true},{"start":{"line":125,"column":12},"end":{"line":125,"column":12},"skip":true}]},"12":{"line":125,"type":"binary-expr","locations":[{"start":{"line":125,"column":16},"end":{"line":125,"column":20},"skip":true},{"start":{"line":125,"column":24},"end":{"line":125,"column":49},"skip":true}]},"13":{"line":140,"type":"switch","locations":[{"start":{"line":141,"column":12},"end":{"line":141,"column":26},"skip":true},{"start":{"line":142,"column":12},"end":{"line":145,"column":22},"skip":true},{"start":{"line":146,"column":12},"end":{"line":147,"column":58},"skip":true}]}},"code":["//#!/usr/bin/env node","/*"," * lib.electron.js (2018.9.8)"," * https://github.com/kaizhu256/node-electron-lite"," * this zero-dependency package will download and install the electron (v2.0.8) prebuilt-binary from https://github.com/electron/electron/releases"," *"," */","","","","/* istanbul instrument in package electron */","/* jslint-utility2 */","/*jslint","    bitwise: true,","    browser: true,","    maxerr: 4,","    maxlen: 100,","    node: true,","    nomen: true,","    regexp: true,","    stupid: true","*/","(function () {","    'use strict';","    var local;","","","","    // run shared js-env code - init-before","    /* istanbul ignore next */","    (function () {","        // init debug_inline","        (function () {","            var consoleError, context, key;","            consoleError = console.error;","            context = (typeof window === 'object' && window) || global;","            key = 'debug_inline'.replace('_i', 'I');","            context[key] = context[key] || function (arg0) {","            /*","             * this function will both print arg0 to stderr and return it","             */","                // debug arguments","                context['_' + key + 'Arguments'] = arguments;","                consoleError('\\n\\n' + key);","                consoleError.apply(console, arguments);","                consoleError(new Error().stack + '\\n');","                // return arg0 for inspection","                return arg0;","            };","        }());","        // init local","        local = {};","        // init isBrowser","        local.isBrowser = typeof window === 'object' &&","            typeof window.XMLHttpRequest === 'function' &&","            window.document &&","            typeof window.document.querySelectorAll === 'function';","        // init global","        local.global = local.isBrowser","            ? window","            : global;","        // re-init local","        local = local.global.utility2_rollup ||","            // local.global.utility2_rollup_old || require('./assets.utility2.rollup.js') ||","            local;","        // init exports","        if (local.isBrowser) {","            local.global.utility2_electron = local;","        } else {","            // require builtins","            // local.assert = require('assert');","            local.buffer = require('buffer');","            local.child_process = require('child_process');","            local.cluster = require('cluster');","            local.crypto = require('crypto');","            local.dgram = require('dgram');","            local.dns = require('dns');","            local.domain = require('domain');","            local.events = require('events');","            local.fs = require('fs');","            local.http = require('http');","            local.https = require('https');","            local.net = require('net');","            local.os = require('os');","            local.path = require('path');","            local.querystring = require('querystring');","            local.readline = require('readline');","            local.repl = require('repl');","            local.stream = require('stream');","            local.string_decoder = require('string_decoder');","            local.timers = require('timers');","            local.tls = require('tls');","            local.tty = require('tty');","            local.url = require('url');","            local.util = require('util');","            local.vm = require('vm');","            local.zlib = require('zlib');","            module.exports = local;","            module.exports.__dirname = __dirname;","        }","        // init lib main","        local.local = local.electron = local;","","","","        /* validateLineSortedReset */","        return;","    }());","","","","    // run node js-env code - init-after","    /* istanbul ignore next */","    (function () {","        // init cli","        if (local.isBrowser || module !== require.main || process.versions.electron) {","            return;","        }","        [","            process.platform === 'darwin' && __dirname + '/external/Atom.app/Contents/MacOS/Atom',","            process.platform === 'darwin'","                && __dirname + '/external/Electron.app/Contents/MacOS/Electron',","            __dirname + '/external/electron'","        ].some(function (file) {","            if (file && local.fs.existsSync(file)) {","                local.__filename = file;","                return true;","            }","        });","        // run electron in child_process","        local.child = local.child_process.spawn(","            local.__filename,","            process.argv.slice(2),","            { stdio: [0, 'pipe', 2] }","        );","        local.child.on('exit', process.exit);","        local.child.stdout.on('data', function (chunk, encoding, cb) {","            // bug-workaround - force electron v1.8.x and higher to exit after running command","            // --help|-h","            switch (process.argv[2]) {","            case '--help':","            case '-h':","                process.stdout.write(chunk, encoding, cb);","                local.child.kill();","                break;","            default:","                process.stdout.write(chunk, encoding, cb);","            }","        });","    }());","}());",""],"l":{"23":1,"25":1,"31":1,"33":1,"34":1,"35":1,"36":1,"37":1,"38":1,"43":1,"44":1,"45":1,"46":1,"48":1,"52":1,"54":1,"59":1,"63":1,"67":1,"68":1,"72":1,"73":1,"74":1,"75":1,"76":1,"77":1,"78":1,"79":1,"80":1,"81":1,"82":1,"83":1,"84":1,"85":1,"86":1,"87":1,"88":1,"89":1,"90":1,"91":1,"92":1,"93":1,"94":1,"95":1,"96":1,"97":1,"98":1,"99":1,"102":1,"107":1,"114":1,"116":1,"117":1,"119":1,"125":1,"126":1,"127":1,"131":1,"136":1,"137":1,"140":1,"143":1,"144":1,"145":1,"147":1}},"/home/travis/build/kaizhu256/node-electron-lite/example.js":{"path":"/home/travis/build/kaizhu256/node-electron-lite/example.js","s":{"1":2,"2":2,"3":2,"4":5,"5":5,"6":2,"7":0,"8":1,"9":1,"10":1,"11":1,"12":1,"13":1,"14":1,"15":1,"16":1,"17":1,"18":1,"19":0,"20":1,"21":1,"22":1,"23":1,"24":1,"25":1,"26":1,"27":1,"28":1,"29":1,"30":1,"31":1,"32":2,"33":2},"b":{"1":[2,1,1,1],"2":[0,1],"3":[1,1]},"f":{"1":2,"2":5},"fnMap":{"1":{"name":"(anonymous_1)","line":106,"loc":{"start":{"line":106,"column":1},"end":{"line":106,"column":13}}},"2":{"name":"(anonymous_2)","line":109,"loc":{"start":{"line":109,"column":13},"end":{"line":109,"column":29}}}},"statementMap":{"1":{"start":{"line":106,"column":0},"end":{"line":171,"column":5}},"2":{"start":{"line":108,"column":4},"end":{"line":108,"column":34}},"3":{"start":{"line":109,"column":4},"end":{"line":168,"column":6}},"4":{"start":{"line":110,"column":8},"end":{"line":110,"column":22}},"5":{"start":{"line":111,"column":8},"end":{"line":167,"column":9}},"6":{"start":{"line":114,"column":12},"end":{"line":116,"column":13},"skip":true},"7":{"start":{"line":115,"column":16},"end":{"line":115,"column":23},"skip":true},"8":{"start":{"line":118,"column":12},"end":{"line":122,"column":13}},"9":{"start":{"line":119,"column":16},"end":{"line":119,"column":51}},"10":{"start":{"line":121,"column":16},"end":{"line":121,"column":62}},"11":{"start":{"line":123,"column":12},"end":{"line":123,"column":18}},"12":{"start":{"line":126,"column":12},"end":{"line":126,"column":77}},"13":{"start":{"line":128,"column":12},"end":{"line":132,"column":13}},"14":{"start":{"line":129,"column":16},"end":{"line":129,"column":66}},"15":{"start":{"line":131,"column":16},"end":{"line":131,"column":74}},"16":{"start":{"line":133,"column":12},"end":{"line":133,"column":71}},"17":{"start":{"line":136,"column":12},"end":{"line":140,"column":13},"skip":true},"18":{"start":{"line":137,"column":16},"end":{"line":137,"column":83},"skip":true},"19":{"start":{"line":139,"column":16},"end":{"line":139,"column":42},"skip":true},"20":{"start":{"line":142,"column":12},"end":{"line":145,"column":14}},"21":{"start":{"line":146,"column":12},"end":{"line":146,"column":18}},"22":{"start":{"line":149,"column":12},"end":{"line":149,"column":63}},"23":{"start":{"line":150,"column":12},"end":{"line":150,"column":18}},"24":{"start":{"line":154,"column":12},"end":{"line":161,"column":13},"skip":true},"25":{"start":{"line":155,"column":16},"end":{"line":155,"column":36},"skip":true},"26":{"start":{"line":157,"column":16},"end":{"line":160,"column":17},"skip":true},"27":{"start":{"line":158,"column":20},"end":{"line":158,"column":40},"skip":true},"28":{"start":{"line":162,"column":12},"end":{"line":162,"column":92}},"29":{"start":{"line":163,"column":12},"end":{"line":163,"column":94}},"30":{"start":{"line":165,"column":12},"end":{"line":165,"column":28}},"31":{"start":{"line":166,"column":12},"end":{"line":166,"column":18}},"32":{"start":{"line":169,"column":4},"end":{"line":169,"column":17}},"33":{"start":{"line":170,"column":4},"end":{"line":170,"column":13}}},"branchMap":{"1":{"line":111,"type":"switch","locations":[{"start":{"line":112,"column":8},"end":{"line":123,"column":18}},{"start":{"line":124,"column":8},"end":{"line":146,"column":18}},{"start":{"line":147,"column":8},"end":{"line":150,"column":18}},{"start":{"line":151,"column":8},"end":{"line":166,"column":18}}]},"2":{"line":114,"type":"if","locations":[{"start":{"line":114,"column":12},"end":{"line":114,"column":12},"skip":true},{"start":{"line":114,"column":12},"end":{"line":114,"column":12},"skip":true}]},"3":{"line":142,"type":"binary-expr","locations":[{"start":{"line":142,"column":13},"end":{"line":142,"column":42}},{"start":{"line":142,"column":46},"end":{"line":142,"column":75}}]}},"code":["","","","","","","","","","","","","","","","","","","","","","","","","","","","","","","","","","","","","","","","","","","","","","","","","","","","","","","","","","","","","","","","","","","","","","","","","","","","","","","","/*","example.js","","this electron script will screenshot the webpage https://electron.atom.io","","instruction","    1. save this script as example.js","    2. run the shell command:","        $ npm install electron-lite && \\","            printf '{\"main\":\"example.js\",\"name\":\"undefined\",\"version\":\"0.0.1\"}' > \\","            package.json && \\","            ./node_modules/.bin/electron . --disable-overlay-scrollbar --enable-logging","    3. view screenshot /tmp/screenshot.testExampleJs.browser..png","*/","","/* istanbul instrument in package electron */","/*jslint","    bitwise: true,","    browser: true,","    maxerr: 4,","    maxlen: 100,","    node: true,","    nomen: true,","    regexp: true,","    stupid: true","*/","(function () {","    'use strict';","    var options, modeNext, onNext;","    onNext = function (data) {","        modeNext += 1;","        switch (modeNext) {","        case 1:","            /* istanbul ignore next */","            if (process.env.npm_config_mode_auto_restart) {","                return;","            }","            // wait for electron to init","            try {","                require('app').on('ready', onNext);","            } catch (errorCaught) {","                require('electron').app.once('ready', onNext);","            }","            break;","        case 2:","            // init options","            options = { frame: false, height: 768, width: 1024, x: 0, y: 0 };","            // init browserWindow;","            try {","                options.BrowserWindow = require('browser-window');","            } catch (errorCaught) {","                options.BrowserWindow = require('electron').BrowserWindow;","            }","            options.browserWindow = new options.BrowserWindow(options);","            // goto next step when webpage is loaded","            /* istanbul ignore next */","            try {","                options.browserWindow.webContents.once('did-stop-loading', onNext);","            } catch (errorCaught) {","                setTimeout(onNext, 10000);","            }","            // open url","            (options.browserWindow.loadUrl || options.browserWindow.loadURL).call(","                options.browserWindow,","                'https://electron.atom.io'","            );","            break;","        case 3:","            // screenshot webpage","            options.browserWindow.capturePage(options, onNext);","            break;","        case 4:","            // screenshot","            /* istanbul ignore next */","            try {","                data = data.toPng();","            } catch (errorCaught) {","                try {","                    data = data.toPNG();","                } catch (ignore) {","                }","            }","            require('fs').writeFileSync('/tmp/screenshot.testExampleJs.browser..png', data);","            console.log('created screenshot file /tmp/screenshot.testExampleJs.browser..png');","            // exit","            process.exit(0);","            break;","        }","    };","    modeNext = 0;","    onNext();","}());"],"l":{"106":2,"108":2,"109":2,"110":5,"111":5,"114":2,"115":1,"118":1,"119":1,"121":1,"123":1,"126":1,"128":1,"129":1,"131":1,"133":1,"136":1,"137":1,"139":1,"142":1,"146":1,"149":1,"150":1,"154":1,"155":1,"157":1,"158":1,"162":1,"163":1,"165":1,"166":1,"169":2,"170":2}}}