{"/home/travis/build/kaizhu256/node-electron-lite/test.js":{"path":"/home/travis/build/kaizhu256/node-electron-lite/test.js","s":{"1":2,"2":2,"3":2,"4":2,"5":2,"6":2,"7":2,"8":2,"9":2,"10":2,"11":0,"12":0,"13":0,"14":0,"15":0,"16":2,"17":0,"18":2,"19":0,"20":2,"21":0,"22":2,"23":2,"24":0,"25":0,"26":0,"27":0,"28":0,"29":0,"30":0,"31":2,"32":2,"33":2,"34":2,"35":2,"36":2,"37":2,"38":2,"39":1,"40":1,"41":1,"42":1,"43":0,"44":0,"45":1,"46":0,"47":0,"48":1,"49":1,"50":2,"51":2,"52":1,"53":1,"54":1,"55":1,"56":1,"57":1,"58":2,"59":2,"60":1,"61":1,"62":1,"63":1,"64":1,"65":1},"b":{"1":[2,1,1,1,1],"2":[0,0],"3":[0,0],"4":[0,0,0],"5":[0,0],"6":[0,0],"7":[2,0],"8":[2,1],"9":[1,1],"10":[0,1],"11":[1,1],"12":[1,1]},"f":{"1":2,"2":2,"3":0,"4":0,"5":0,"6":0,"7":0,"8":2,"9":2,"10":2,"11":2,"12":2,"13":2,"14":1},"fnMap":{"1":{"name":"(anonymous_1)","line":4,"loc":{"start":{"line":4,"column":1},"end":{"line":4,"column":23}},"skip":true},"2":{"name":"(anonymous_2)","line":8,"loc":{"start":{"line":8,"column":5},"end":{"line":8,"column":17}},"skip":true},"3":{"name":"(anonymous_3)","line":27,"loc":{"start":{"line":27,"column":24},"end":{"line":27,"column":51}},"skip":true},"4":{"name":"(anonymous_4)","line":54,"loc":{"start":{"line":54,"column":26},"end":{"line":54,"column":41}},"skip":true},"5":{"name":"(anonymous_5)","line":60,"loc":{"start":{"line":60,"column":21},"end":{"line":60,"column":38}},"skip":true},"6":{"name":"(anonymous_6)","line":66,"loc":{"start":{"line":66,"column":16},"end":{"line":66,"column":28}},"skip":true},"7":{"name":"(anonymous_7)","line":74,"loc":{"start":{"line":74,"column":71},"end":{"line":74,"column":83}},"skip":true},"8":{"name":"(anonymous_8)","line":92,"loc":{"start":{"line":92,"column":1},"end":{"line":92,"column":18}}},"9":{"name":"(anonymous_9)","line":98,"loc":{"start":{"line":98,"column":1},"end":{"line":98,"column":13}}},"10":{"name":"(anonymous_10)","line":109,"loc":{"start":{"line":109,"column":1},"end":{"line":109,"column":13}}},"11":{"name":"(anonymous_11)","line":111,"loc":{"start":{"line":111,"column":37},"end":{"line":111,"column":65}},"skip":true},"12":{"name":"(anonymous_12)","line":133,"loc":{"start":{"line":133,"column":34},"end":{"line":133,"column":62}}},"13":{"name":"(anonymous_13)","line":147,"loc":{"start":{"line":147,"column":32},"end":{"line":147,"column":60}}},"14":{"name":"(anonymous_14)","line":156,"loc":{"start":{"line":156,"column":19},"end":{"line":156,"column":31}}}},"statementMap":{"1":{"start":{"line":4,"column":0},"end":{"line":88,"column":9},"skip":true},"2":{"start":{"line":6,"column":4},"end":{"line":6,"column":14},"skip":true},"3":{"start":{"line":8,"column":4},"end":{"line":13,"column":9},"skip":true},"4":{"start":{"line":9,"column":8},"end":{"line":12,"column":9},"skip":true},"5":{"start":{"line":10,"column":12},"end":{"line":10,"column":51},"skip":true},"6":{"start":{"line":14,"column":4},"end":{"line":14,"column":39},"skip":true},"7":{"start":{"line":16,"column":4},"end":{"line":16,"column":15},"skip":true},"8":{"start":{"line":18,"column":4},"end":{"line":24,"column":6},"skip":true},"9":{"start":{"line":25,"column":4},"end":{"line":25,"column":35},"skip":true},"10":{"start":{"line":27,"column":4},"end":{"line":53,"column":6},"skip":true},"11":{"start":{"line":31,"column":8},"end":{"line":31,"column":18},"skip":true},"12":{"start":{"line":32,"column":8},"end":{"line":34,"column":9},"skip":true},"13":{"start":{"line":33,"column":12},"end":{"line":33,"column":19},"skip":true},"14":{"start":{"line":35,"column":8},"end":{"line":51,"column":10},"skip":true},"15":{"start":{"line":52,"column":8},"end":{"line":52,"column":20},"skip":true},"16":{"start":{"line":54,"column":4},"end":{"line":59,"column":6},"skip":true},"17":{"start":{"line":58,"column":8},"end":{"line":58,"column":32},"skip":true},"18":{"start":{"line":60,"column":4},"end":{"line":65,"column":6},"skip":true},"19":{"start":{"line":64,"column":8},"end":{"line":64,"column":21},"skip":true},"20":{"start":{"line":66,"column":4},"end":{"line":71,"column":6},"skip":true},"21":{"start":{"line":70,"column":8},"end":{"line":70,"column":15},"skip":true},"22":{"start":{"line":73,"column":4},"end":{"line":73,"column":39},"skip":true},"23":{"start":{"line":74,"column":4},"end":{"line":87,"column":6},"skip":true},"24":{"start":{"line":78,"column":8},"end":{"line":78,"column":20},"skip":true},"25":{"start":{"line":79,"column":8},"end":{"line":79,"column":40},"skip":true},"26":{"start":{"line":81,"column":8},"end":{"line":81,"column":58},"skip":true},"27":{"start":{"line":82,"column":8},"end":{"line":82,"column":51},"skip":true},"28":{"start":{"line":83,"column":8},"end":{"line":83,"column":51},"skip":true},"29":{"start":{"line":84,"column":8},"end":{"line":84,"column":33},"skip":true},"30":{"start":{"line":86,"column":8},"end":{"line":86,"column":26},"skip":true},"31":{"start":{"line":92,"column":0},"end":{"line":165,"column":5}},"32":{"start":{"line":98,"column":0},"end":{"line":104,"column":5}},"33":{"start":{"line":100,"column":0},"end":{"line":100,"column":69}},"34":{"start":{"line":101,"column":0},"end":{"line":101,"column":25}},"35":{"start":{"line":103,"column":0},"end":{"line":103,"column":28}},"36":{"start":{"line":109,"column":0},"end":{"line":161,"column":5}},"37":{"start":{"line":111,"column":0},"end":{"line":131,"column":2},"skip":true},"38":{"start":{"line":115,"column":4},"end":{"line":118,"column":5},"skip":true},"39":{"start":{"line":116,"column":8},"end":{"line":116,"column":31},"skip":true},"40":{"start":{"line":117,"column":8},"end":{"line":117,"column":15},"skip":true},"41":{"start":{"line":119,"column":4},"end":{"line":124,"column":5},"skip":true},"42":{"start":{"line":120,"column":8},"end":{"line":120,"column":45},"skip":true},"43":{"start":{"line":122,"column":8},"end":{"line":122,"column":31},"skip":true},"44":{"start":{"line":123,"column":8},"end":{"line":123,"column":15},"skip":true},"45":{"start":{"line":125,"column":4},"end":{"line":128,"column":5},"skip":true},"46":{"start":{"line":126,"column":8},"end":{"line":126,"column":90},"skip":true},"47":{"start":{"line":127,"column":8},"end":{"line":127,"column":85},"skip":true},"48":{"start":{"line":129,"column":4},"end":{"line":129,"column":55},"skip":true},"49":{"start":{"line":130,"column":4},"end":{"line":130,"column":40},"skip":true},"50":{"start":{"line":133,"column":0},"end":{"line":145,"column":2}},"51":{"start":{"line":137,"column":4},"end":{"line":140,"column":5}},"52":{"start":{"line":138,"column":8},"end":{"line":138,"column":31}},"53":{"start":{"line":139,"column":8},"end":{"line":139,"column":15}},"54":{"start":{"line":141,"column":4},"end":{"line":141,"column":68}},"55":{"start":{"line":142,"column":4},"end":{"line":142,"column":65}},"56":{"start":{"line":143,"column":4},"end":{"line":143,"column":66}},"57":{"start":{"line":144,"column":4},"end":{"line":144,"column":27}},"58":{"start":{"line":147,"column":0},"end":{"line":160,"column":2}},"59":{"start":{"line":151,"column":4},"end":{"line":154,"column":5}},"60":{"start":{"line":152,"column":8},"end":{"line":152,"column":31}},"61":{"start":{"line":153,"column":8},"end":{"line":153,"column":15}},"62":{"start":{"line":155,"column":4},"end":{"line":155,"column":27}},"63":{"start":{"line":156,"column":4},"end":{"line":159,"column":6}},"64":{"start":{"line":157,"column":8},"end":{"line":157,"column":31}},"65":{"start":{"line":158,"column":8},"end":{"line":158,"column":31}}},"branchMap":{"1":{"line":19,"type":"binary-expr","locations":[{"start":{"line":19,"column":8},"end":{"line":19,"column":34},"skip":true},{"start":{"line":20,"column":11},"end":{"line":20,"column":32},"skip":true},{"start":{"line":21,"column":11},"end":{"line":21,"column":54},"skip":true},{"start":{"line":22,"column":11},"end":{"line":22,"column":26},"skip":true},{"start":{"line":23,"column":11},"end":{"line":23,"column":65},"skip":true}]},"2":{"line":32,"type":"if","locations":[{"start":{"line":32,"column":8},"end":{"line":32,"column":8},"skip":true},{"start":{"line":32,"column":8},"end":{"line":32,"column":8},"skip":true}]},"3":{"line":37,"type":"cond-expr","locations":[{"start":{"line":43,"column":14},"end":{"line":43,"column":21},"skip":true},{"start":{"line":44,"column":14},"end":{"line":50,"column":13},"skip":true}]},"4":{"line":38,"type":"binary-expr","locations":[{"start":{"line":38,"column":16},"end":{"line":38,"column":23},"skip":true},{"start":{"line":39,"column":19},"end":{"line":39,"column":54},"skip":true},{"start":{"line":40,"column":19},"end":{"line":40,"column":52},"skip":true}]},"5":{"line":45,"type":"cond-expr","locations":[{"start":{"line":47,"column":18},"end":{"line":47,"column":25},"skip":true},{"start":{"line":49,"column":18},"end":{"line":49,"column":50},"skip":true}]},"6":{"line":58,"type":"binary-expr","locations":[{"start":{"line":58,"column":15},"end":{"line":58,"column":18},"skip":true},{"start":{"line":58,"column":22},"end":{"line":58,"column":31},"skip":true}]},"7":{"line":74,"type":"binary-expr","locations":[{"start":{"line":74,"column":37},"end":{"line":74,"column":67},"skip":true},{"start":{"line":74,"column":71},"end":{"line":87,"column":5},"skip":true}]},"8":{"line":100,"type":"binary-expr","locations":[{"start":{"line":100,"column":9},"end":{"line":100,"column":28}},{"start":{"line":100,"column":32},"end":{"line":100,"column":51}}]},"9":{"line":115,"type":"if","locations":[{"start":{"line":115,"column":4},"end":{"line":115,"column":4},"skip":true},{"start":{"line":115,"column":4},"end":{"line":115,"column":4},"skip":true}]},"10":{"line":125,"type":"if","locations":[{"start":{"line":125,"column":4},"end":{"line":125,"column":4},"skip":true},{"start":{"line":125,"column":4},"end":{"line":125,"column":4},"skip":true}]},"11":{"line":137,"type":"if","locations":[{"start":{"line":137,"column":4},"end":{"line":137,"column":4}},{"start":{"line":137,"column":4},"end":{"line":137,"column":4}}]},"12":{"line":151,"type":"if","locations":[{"start":{"line":151,"column":4},"end":{"line":151,"column":4}},{"start":{"line":151,"column":4},"end":{"line":151,"column":4}}]}},"code":["/* istanbul instrument in package electron */","/* istanbul ignore next */","/* jslint utility2:true */","(function (globalThis) {","    \"use strict\";","    var local;","    // init globalThis","    (function () {","        try {","            globalThis = Function(\"return this\")(); // jslint ignore:line","        } catch (ignore) {","        }","    }());","    globalThis.globalThis = globalThis;","    // init local","    local = {};","    // init isBrowser","    local.isBrowser = (","        typeof window === \"object\"","        && window === globalThis","        && typeof window.XMLHttpRequest === \"function\"","        && window.document","        && typeof window.document.querySelectorAll === \"function\"","    );","    globalThis.globalLocal = local;","    // init function","    local.assertThrow = function (passed, message) {","    /*","     * this function will throw the error <message> if <passed> is falsy","     */","        var error;","        if (passed) {","            return;","        }","        error = (","            // ternary-operator","            (","                message","                && typeof message.message === \"string\"","                && typeof message.stack === \"string\"","            )","            // if message is an error-object, then leave it as is","            ? message","            : new Error(","                typeof message === \"string\"","                // if message is a string, then leave it as is","                ? message","                // else JSON.stringify message","                : JSON.stringify(message, null, 4)","            )","        );","        throw error;","    };","    local.functionOrNop = function (fnc) {","    /*","     * this function will if <fnc> exists, them return <fnc>, else return <nop>","     */","        return fnc || local.nop;","    };","    local.identity = function (value) {","    /*","     * this function will return <value>","     */","        return value;","    };","    local.nop = function () {","    /*","     * this function will do nothing","     */","        return;","    };","    // init debug_inline","    local.consoleError = console.error;","    globalThis[\"debug\\u0049nline\"] = globalThis[\"debug\\u0049nline\"] || function () {","    /*","     * this function will both print arguments to stderr and return arguments[0]","     */","        var argList;","        argList = Array.from(arguments); // jslint ignore:line","        // debug arguments","        globalThis[\"debug\\u0049nlineArguments\"] = argList;","        local.consoleError(\"\\n\\ndebug\\u0049nline\");","        local.consoleError.apply(console, argList);","        local.consoleError(\"\\n\");","        // return arg0 for inspection","        return argList[0];","    };","}(this));","","","","(function (local) {","\"use strict\";","","","","// run shared js-env code - init-before","(function () {","// init local","local = (globalThis.utility2 || require(\"utility2\")).requireReadme();","globalThis.local = local;","// init test","local.testRunDefault(local);","}());","","","","// run shared js-env code - function","(function () {","/* istanbul ignore next */","local.testCase_buildApidoc_default = function (options, onError) {","/*"," * this function will test buildApidoc's default handling-behavior-behavior"," */","    if (local.isBrowser) {","        onError(null, options);","        return;","    }","    try {","        local.electron = require(\"electron\");","    } catch (ignore) {","        onError(null, options);","        return;","    }","    if (process.env.npm_config_mode_test_case === \"testCase_buildApidoc_default\") {","        local.electron.NativeImage = local.electron.nativeImage.createEmpty().constructor;","        local.electron.WebContents = local.electron.webContents.create().constructor;","    }","    options = {moduleDict: {electron: local.electron}};","    local.buildApidoc(options, onError);","};","","local.testCase_buildApp_default = function (options, onError) {","/*"," * this function will test buildApp's default handling-behavior"," */","    if (local.isBrowser) {","        onError(null, options);","        return;","    }","    local.testCase_buildReadme_default(options, local.onErrorThrow);","    local.testCase_buildLib_default(options, local.onErrorThrow);","    local.testCase_buildTest_default(options, local.onErrorThrow);","    onError(null, options);","};","","local.testCase_exampleJs_exit = function (options, onError) {","/*"," * this function will test example.js's exit handling-behavior"," */","    if (local.isBrowser) {","        onError(null, options);","        return;","    }","    options = process.exit;","    process.exit = function () {","        process.exit = options;","        onError(null, options);","    };","};","}());","","","","}());",""],"l":{"4":2,"6":2,"8":2,"9":2,"10":2,"14":2,"16":2,"18":2,"25":2,"27":2,"31":1,"32":1,"33":1,"35":1,"52":1,"54":2,"58":1,"60":2,"64":1,"66":2,"70":1,"73":2,"74":2,"78":1,"79":1,"81":1,"82":1,"83":1,"84":1,"86":1,"92":2,"98":2,"100":2,"101":2,"103":2,"109":2,"111":2,"115":2,"116":1,"117":1,"119":1,"120":1,"122":1,"123":1,"125":1,"126":1,"127":1,"129":1,"130":1,"133":2,"137":2,"138":1,"139":1,"141":1,"142":1,"143":1,"144":1,"147":2,"151":2,"152":1,"153":1,"155":1,"156":1,"157":1,"158":1}},"/home/travis/build/kaizhu256/node-electron-lite/lib.electron.js":{"path":"/home/travis/build/kaizhu256/node-electron-lite/lib.electron.js","s":{"1":1,"2":1,"3":1,"4":1,"5":1,"6":1,"7":1,"8":1,"9":1,"10":1,"11":0,"12":0,"13":0,"14":0,"15":0,"16":1,"17":0,"18":1,"19":0,"20":1,"21":0,"22":1,"23":1,"24":0,"25":0,"26":0,"27":0,"28":0,"29":0,"30":0,"31":1,"32":1,"33":1,"34":1,"35":0,"36":1,"37":1,"38":1,"39":1,"40":1,"41":1,"42":1,"43":1,"44":1,"45":1,"46":1,"47":1,"48":1,"49":1,"50":1,"51":1,"52":1,"53":1,"54":1,"55":1,"56":1,"57":1,"58":1,"59":1,"60":1,"61":1,"62":1,"63":1,"64":1,"65":1,"66":1,"67":1,"68":1,"69":1,"70":1,"71":0,"72":0,"73":0,"74":0,"75":0,"76":0,"77":0,"78":0,"79":0,"80":0,"81":0,"82":0},"b":{"1":[1,0,0,0,0],"2":[0,0],"3":[0,0],"4":[0,0,0],"5":[0,0],"6":[0,0],"7":[1,0],"8":[1,1],"9":[0,1],"10":[1,0],"11":[1,1,0],"12":[0,0],"13":[0,0],"14":[0,0],"15":[0,0],"16":[0,0,0]},"f":{"1":1,"2":1,"3":0,"4":0,"5":0,"6":0,"7":0,"8":1,"9":1,"10":1,"11":0,"12":0},"fnMap":{"1":{"name":"(anonymous_1)","line":14,"loc":{"start":{"line":14,"column":1},"end":{"line":14,"column":23}},"skip":true},"2":{"name":"(anonymous_2)","line":18,"loc":{"start":{"line":18,"column":5},"end":{"line":18,"column":17}},"skip":true},"3":{"name":"(anonymous_3)","line":37,"loc":{"start":{"line":37,"column":24},"end":{"line":37,"column":51}},"skip":true},"4":{"name":"(anonymous_4)","line":64,"loc":{"start":{"line":64,"column":26},"end":{"line":64,"column":41}},"skip":true},"5":{"name":"(anonymous_5)","line":70,"loc":{"start":{"line":70,"column":21},"end":{"line":70,"column":38}},"skip":true},"6":{"name":"(anonymous_6)","line":76,"loc":{"start":{"line":76,"column":16},"end":{"line":76,"column":28}},"skip":true},"7":{"name":"(anonymous_7)","line":84,"loc":{"start":{"line":84,"column":71},"end":{"line":84,"column":83}},"skip":true},"8":{"name":"(anonymous_8)","line":102,"loc":{"start":{"line":102,"column":1},"end":{"line":102,"column":18}}},"9":{"name":"(anonymous_9)","line":109,"loc":{"start":{"line":109,"column":1},"end":{"line":109,"column":13}},"skip":true},"10":{"name":"(anonymous_10)","line":165,"loc":{"start":{"line":165,"column":1},"end":{"line":165,"column":13}},"skip":true},"11":{"name":"(anonymous_11)","line":179,"loc":{"start":{"line":179,"column":8},"end":{"line":179,"column":24}},"skip":true},"12":{"name":"(anonymous_12)","line":192,"loc":{"start":{"line":192,"column":30},"end":{"line":192,"column":61}},"skip":true}},"statementMap":{"1":{"start":{"line":14,"column":0},"end":{"line":98,"column":9},"skip":true},"2":{"start":{"line":16,"column":4},"end":{"line":16,"column":14},"skip":true},"3":{"start":{"line":18,"column":4},"end":{"line":23,"column":9},"skip":true},"4":{"start":{"line":19,"column":8},"end":{"line":22,"column":9},"skip":true},"5":{"start":{"line":20,"column":12},"end":{"line":20,"column":51},"skip":true},"6":{"start":{"line":24,"column":4},"end":{"line":24,"column":39},"skip":true},"7":{"start":{"line":26,"column":4},"end":{"line":26,"column":15},"skip":true},"8":{"start":{"line":28,"column":4},"end":{"line":34,"column":6},"skip":true},"9":{"start":{"line":35,"column":4},"end":{"line":35,"column":35},"skip":true},"10":{"start":{"line":37,"column":4},"end":{"line":63,"column":6},"skip":true},"11":{"start":{"line":41,"column":8},"end":{"line":41,"column":18},"skip":true},"12":{"start":{"line":42,"column":8},"end":{"line":44,"column":9},"skip":true},"13":{"start":{"line":43,"column":12},"end":{"line":43,"column":19},"skip":true},"14":{"start":{"line":45,"column":8},"end":{"line":61,"column":10},"skip":true},"15":{"start":{"line":62,"column":8},"end":{"line":62,"column":20},"skip":true},"16":{"start":{"line":64,"column":4},"end":{"line":69,"column":6},"skip":true},"17":{"start":{"line":68,"column":8},"end":{"line":68,"column":32},"skip":true},"18":{"start":{"line":70,"column":4},"end":{"line":75,"column":6},"skip":true},"19":{"start":{"line":74,"column":8},"end":{"line":74,"column":21},"skip":true},"20":{"start":{"line":76,"column":4},"end":{"line":81,"column":6},"skip":true},"21":{"start":{"line":80,"column":8},"end":{"line":80,"column":15},"skip":true},"22":{"start":{"line":83,"column":4},"end":{"line":83,"column":39},"skip":true},"23":{"start":{"line":84,"column":4},"end":{"line":97,"column":6},"skip":true},"24":{"start":{"line":88,"column":8},"end":{"line":88,"column":20},"skip":true},"25":{"start":{"line":89,"column":8},"end":{"line":89,"column":40},"skip":true},"26":{"start":{"line":91,"column":8},"end":{"line":91,"column":58},"skip":true},"27":{"start":{"line":92,"column":8},"end":{"line":92,"column":51},"skip":true},"28":{"start":{"line":93,"column":8},"end":{"line":93,"column":51},"skip":true},"29":{"start":{"line":94,"column":8},"end":{"line":94,"column":33},"skip":true},"30":{"start":{"line":96,"column":8},"end":{"line":96,"column":26},"skip":true},"31":{"start":{"line":102,"column":0},"end":{"line":209,"column":5}},"32":{"start":{"line":109,"column":0},"end":{"line":159,"column":5},"skip":true},"33":{"start":{"line":111,"column":0},"end":{"line":115,"column":2},"skip":true},"34":{"start":{"line":117,"column":0},"end":{"line":150,"column":1},"skip":true},"35":{"start":{"line":118,"column":4},"end":{"line":118,"column":41},"skip":true},"36":{"start":{"line":121,"column":4},"end":{"line":121,"column":37},"skip":true},"37":{"start":{"line":122,"column":4},"end":{"line":122,"column":37},"skip":true},"38":{"start":{"line":123,"column":4},"end":{"line":123,"column":51},"skip":true},"39":{"start":{"line":124,"column":4},"end":{"line":124,"column":39},"skip":true},"40":{"start":{"line":125,"column":4},"end":{"line":125,"column":37},"skip":true},"41":{"start":{"line":126,"column":4},"end":{"line":126,"column":35},"skip":true},"42":{"start":{"line":127,"column":4},"end":{"line":127,"column":31},"skip":true},"43":{"start":{"line":128,"column":4},"end":{"line":128,"column":37},"skip":true},"44":{"start":{"line":129,"column":4},"end":{"line":129,"column":37},"skip":true},"45":{"start":{"line":130,"column":4},"end":{"line":130,"column":29},"skip":true},"46":{"start":{"line":131,"column":4},"end":{"line":131,"column":33},"skip":true},"47":{"start":{"line":132,"column":4},"end":{"line":132,"column":35},"skip":true},"48":{"start":{"line":133,"column":4},"end":{"line":133,"column":31},"skip":true},"49":{"start":{"line":134,"column":4},"end":{"line":134,"column":29},"skip":true},"50":{"start":{"line":135,"column":4},"end":{"line":135,"column":33},"skip":true},"51":{"start":{"line":136,"column":4},"end":{"line":136,"column":47},"skip":true},"52":{"start":{"line":137,"column":4},"end":{"line":137,"column":41},"skip":true},"53":{"start":{"line":138,"column":4},"end":{"line":138,"column":33},"skip":true},"54":{"start":{"line":139,"column":4},"end":{"line":139,"column":37},"skip":true},"55":{"start":{"line":140,"column":4},"end":{"line":140,"column":53},"skip":true},"56":{"start":{"line":141,"column":4},"end":{"line":141,"column":37},"skip":true},"57":{"start":{"line":142,"column":4},"end":{"line":142,"column":31},"skip":true},"58":{"start":{"line":143,"column":4},"end":{"line":143,"column":31},"skip":true},"59":{"start":{"line":144,"column":4},"end":{"line":144,"column":31},"skip":true},"60":{"start":{"line":145,"column":4},"end":{"line":145,"column":33},"skip":true},"61":{"start":{"line":146,"column":4},"end":{"line":146,"column":29},"skip":true},"62":{"start":{"line":147,"column":4},"end":{"line":147,"column":33},"skip":true},"63":{"start":{"line":148,"column":4},"end":{"line":148,"column":27},"skip":true},"64":{"start":{"line":149,"column":4},"end":{"line":149,"column":41},"skip":true},"65":{"start":{"line":152,"column":0},"end":{"line":152,"column":20},"skip":true},"66":{"start":{"line":153,"column":0},"end":{"line":153,"column":23},"skip":true},"67":{"start":{"line":158,"column":0},"end":{"line":158,"column":7},"skip":true},"68":{"start":{"line":165,"column":0},"end":{"line":205,"column":5},"skip":true},"69":{"start":{"line":167,"column":0},"end":{"line":169,"column":1},"skip":true},"70":{"start":{"line":168,"column":4},"end":{"line":168,"column":11},"skip":true},"71":{"start":{"line":170,"column":0},"end":{"line":184,"column":3},"skip":true},"72":{"start":{"line":180,"column":4},"end":{"line":183,"column":5},"skip":true},"73":{"start":{"line":181,"column":8},"end":{"line":181,"column":32},"skip":true},"74":{"start":{"line":182,"column":8},"end":{"line":182,"column":20},"skip":true},"75":{"start":{"line":186,"column":0},"end":{"line":190,"column":2},"skip":true},"76":{"start":{"line":191,"column":0},"end":{"line":191,"column":37},"skip":true},"77":{"start":{"line":192,"column":0},"end":{"line":204,"column":3},"skip":true},"78":{"start":{"line":195,"column":4},"end":{"line":203,"column":5},"skip":true},"79":{"start":{"line":198,"column":8},"end":{"line":198,"column":50},"skip":true},"80":{"start":{"line":199,"column":8},"end":{"line":199,"column":27},"skip":true},"81":{"start":{"line":200,"column":8},"end":{"line":200,"column":14},"skip":true},"82":{"start":{"line":202,"column":8},"end":{"line":202,"column":50},"skip":true}},"branchMap":{"1":{"line":29,"type":"binary-expr","locations":[{"start":{"line":29,"column":8},"end":{"line":29,"column":34},"skip":true},{"start":{"line":30,"column":11},"end":{"line":30,"column":32},"skip":true},{"start":{"line":31,"column":11},"end":{"line":31,"column":54},"skip":true},{"start":{"line":32,"column":11},"end":{"line":32,"column":26},"skip":true},{"start":{"line":33,"column":11},"end":{"line":33,"column":65},"skip":true}]},"2":{"line":42,"type":"if","locations":[{"start":{"line":42,"column":8},"end":{"line":42,"column":8},"skip":true},{"start":{"line":42,"column":8},"end":{"line":42,"column":8},"skip":true}]},"3":{"line":47,"type":"cond-expr","locations":[{"start":{"line":53,"column":14},"end":{"line":53,"column":21},"skip":true},{"start":{"line":54,"column":14},"end":{"line":60,"column":13},"skip":true}]},"4":{"line":48,"type":"binary-expr","locations":[{"start":{"line":48,"column":16},"end":{"line":48,"column":23},"skip":true},{"start":{"line":49,"column":19},"end":{"line":49,"column":54},"skip":true},{"start":{"line":50,"column":19},"end":{"line":50,"column":52},"skip":true}]},"5":{"line":55,"type":"cond-expr","locations":[{"start":{"line":57,"column":18},"end":{"line":57,"column":25},"skip":true},{"start":{"line":59,"column":18},"end":{"line":59,"column":50},"skip":true}]},"6":{"line":68,"type":"binary-expr","locations":[{"start":{"line":68,"column":15},"end":{"line":68,"column":18},"skip":true},{"start":{"line":68,"column":22},"end":{"line":68,"column":31},"skip":true}]},"7":{"line":84,"type":"binary-expr","locations":[{"start":{"line":84,"column":37},"end":{"line":84,"column":67},"skip":true},{"start":{"line":84,"column":71},"end":{"line":97,"column":5},"skip":true}]},"8":{"line":112,"type":"binary-expr","locations":[{"start":{"line":112,"column":4},"end":{"line":112,"column":30},"skip":true},{"start":{"line":114,"column":7},"end":{"line":114,"column":29},"skip":true}]},"9":{"line":117,"type":"if","locations":[{"start":{"line":117,"column":0},"end":{"line":117,"column":0},"skip":true},{"start":{"line":117,"column":0},"end":{"line":117,"column":0},"skip":true}]},"10":{"line":167,"type":"if","locations":[{"start":{"line":167,"column":0},"end":{"line":167,"column":0},"skip":true},{"start":{"line":167,"column":0},"end":{"line":167,"column":0},"skip":true}]},"11":{"line":167,"type":"binary-expr","locations":[{"start":{"line":167,"column":4},"end":{"line":167,"column":19},"skip":true},{"start":{"line":167,"column":23},"end":{"line":167,"column":46},"skip":true},{"start":{"line":167,"column":50},"end":{"line":167,"column":75},"skip":true}]},"12":{"line":172,"type":"binary-expr","locations":[{"start":{"line":172,"column":8},"end":{"line":172,"column":37},"skip":true},{"start":{"line":173,"column":11},"end":{"line":173,"column":63},"skip":true}]},"13":{"line":175,"type":"binary-expr","locations":[{"start":{"line":175,"column":8},"end":{"line":175,"column":37},"skip":true},{"start":{"line":176,"column":11},"end":{"line":176,"column":71},"skip":true}]},"14":{"line":180,"type":"if","locations":[{"start":{"line":180,"column":4},"end":{"line":180,"column":4},"skip":true},{"start":{"line":180,"column":4},"end":{"line":180,"column":4},"skip":true}]},"15":{"line":180,"type":"binary-expr","locations":[{"start":{"line":180,"column":8},"end":{"line":180,"column":12},"skip":true},{"start":{"line":180,"column":16},"end":{"line":180,"column":41},"skip":true}]},"16":{"line":195,"type":"switch","locations":[{"start":{"line":196,"column":4},"end":{"line":196,"column":18},"skip":true},{"start":{"line":197,"column":4},"end":{"line":200,"column":14},"skip":true},{"start":{"line":201,"column":4},"end":{"line":202,"column":50},"skip":true}]}},"code":["//#!/usr/bin/env node","/*"," * lib.electron.js (2018.9.23)"," * https://github.com/kaizhu256/node-electron-lite"," * this zero-dependency package will download and install the electron (v2.0.13) prebuilt-binary from https://github.com/electron/electron/releases"," *"," */","","","","/* istanbul instrument in package electron */","/* istanbul ignore next */","/* jslint utility2:true */","(function (globalThis) {","    \"use strict\";","    var local;","    // init globalThis","    (function () {","        try {","            globalThis = Function(\"return this\")(); // jslint ignore:line","        } catch (ignore) {","        }","    }());","    globalThis.globalThis = globalThis;","    // init local","    local = {};","    // init isBrowser","    local.isBrowser = (","        typeof window === \"object\"","        && window === globalThis","        && typeof window.XMLHttpRequest === \"function\"","        && window.document","        && typeof window.document.querySelectorAll === \"function\"","    );","    globalThis.globalLocal = local;","    // init function","    local.assertThrow = function (passed, message) {","    /*","     * this function will throw the error <message> if <passed> is falsy","     */","        var error;","        if (passed) {","            return;","        }","        error = (","            // ternary-operator","            (","                message","                && typeof message.message === \"string\"","                && typeof message.stack === \"string\"","            )","            // if message is an error-object, then leave it as is","            ? message","            : new Error(","                typeof message === \"string\"","                // if message is a string, then leave it as is","                ? message","                // else JSON.stringify message","                : JSON.stringify(message, null, 4)","            )","        );","        throw error;","    };","    local.functionOrNop = function (fnc) {","    /*","     * this function will if <fnc> exists, them return <fnc>, else return <nop>","     */","        return fnc || local.nop;","    };","    local.identity = function (value) {","    /*","     * this function will return <value>","     */","        return value;","    };","    local.nop = function () {","    /*","     * this function will do nothing","     */","        return;","    };","    // init debug_inline","    local.consoleError = console.error;","    globalThis[\"debug\\u0049nline\"] = globalThis[\"debug\\u0049nline\"] || function () {","    /*","     * this function will both print arguments to stderr and return arguments[0]","     */","        var argList;","        argList = Array.from(arguments); // jslint ignore:line","        // debug arguments","        globalThis[\"debug\\u0049nlineArguments\"] = argList;","        local.consoleError(\"\\n\\ndebug\\u0049nline\");","        local.consoleError.apply(console, argList);","        local.consoleError(\"\\n\");","        // return arg0 for inspection","        return argList[0];","    };","}(this));","","","","(function (local) {","\"use strict\";","","","","/* istanbul ignore next */","// run shared js-env code - init-before","(function () {","// init local","local = (","    globalThis.utility2_rollup","    // || globalThis.utility2_rollup_old || require(\"./assets.utility2.rollup.js\")","    || globalThis.globalLocal",");","// init exports","if (local.isBrowser) {","    globalThis.utility2_electron = local;","} else {","    // require builtins","    local.assert = require(\"assert\");","    local.buffer = require(\"buffer\");","    local.child_process = require(\"child_process\");","    local.cluster = require(\"cluster\");","    local.crypto = require(\"crypto\");","    local.dgram = require(\"dgram\");","    local.dns = require(\"dns\");","    local.domain = require(\"domain\");","    local.events = require(\"events\");","    local.fs = require(\"fs\");","    local.http = require(\"http\");","    local.https = require(\"https\");","    local.net = require(\"net\");","    local.os = require(\"os\");","    local.path = require(\"path\");","    local.querystring = require(\"querystring\");","    local.readline = require(\"readline\");","    local.repl = require(\"repl\");","    local.stream = require(\"stream\");","    local.string_decoder = require(\"string_decoder\");","    local.timers = require(\"timers\");","    local.tls = require(\"tls\");","    local.tty = require(\"tty\");","    local.url = require(\"url\");","    local.util = require(\"util\");","    local.vm = require(\"vm\");","    local.zlib = require(\"zlib\");","    module.exports = local;","    module.exports.__dirname = __dirname;","}","// init lib main","local.local = local;","local.electron = local;","","","","/* validateLineSortedReset */","return;","}());","","","","// run node js-env code - init-after","/* istanbul ignore next */","(function () {","// run cli","if (local.isBrowser || module !== require.main || process.versions.electron) {","    return;","}","([","    (","        process.platform === \"darwin\"","        && __dirname + \"/external/Atom.app/Contents/MacOS/Atom\"","    ), (","        process.platform === \"darwin\"","        && __dirname + \"/external/Electron.app/Contents/MacOS/Electron\"","    ),","    __dirname + \"/external/electron\"","]).some(function (file) {","    if (file && local.fs.existsSync(file)) {","        local.__filename = file;","        return true;","    }","});","// run electron in child_process","local.child = local.child_process.spawn(","    local.__filename,","    process.argv.slice(2),","    {stdio: [0, \"pipe\", 2]}",");","local.child.on(\"exit\", process.exit);","local.child.stdout.on(\"data\", function (chunk, encoding, cb) {","    // bug-workaround - force electron v1.8.x and higher to exit after running command","    // --help|-h","    switch (process.argv[2]) {","    case \"--help\":","    case \"-h\":","        process.stdout.write(chunk, encoding, cb);","        local.child.kill();","        break;","    default:","        process.stdout.write(chunk, encoding, cb);","    }","});","}());","","","","}());",""],"l":{"14":1,"16":1,"18":1,"19":1,"20":1,"24":1,"26":1,"28":1,"35":1,"37":1,"41":1,"42":1,"43":1,"45":1,"62":1,"64":1,"68":1,"70":1,"74":1,"76":1,"80":1,"83":1,"84":1,"88":1,"89":1,"91":1,"92":1,"93":1,"94":1,"96":1,"102":1,"109":1,"111":1,"117":1,"118":1,"121":1,"122":1,"123":1,"124":1,"125":1,"126":1,"127":1,"128":1,"129":1,"130":1,"131":1,"132":1,"133":1,"134":1,"135":1,"136":1,"137":1,"138":1,"139":1,"140":1,"141":1,"142":1,"143":1,"144":1,"145":1,"146":1,"147":1,"148":1,"149":1,"152":1,"153":1,"158":1,"165":1,"167":1,"168":1,"170":1,"180":1,"181":1,"182":1,"186":1,"191":1,"192":1,"195":1,"198":1,"199":1,"200":1,"202":1}},"/home/travis/build/kaizhu256/node-electron-lite/example.js":{"path":"/home/travis/build/kaizhu256/node-electron-lite/example.js","s":{"1":2,"2":2,"3":2,"4":2,"5":2,"6":5,"7":5,"8":2,"9":0,"10":1,"11":1,"12":1,"13":1,"14":1,"15":1,"16":1,"17":1,"18":1,"19":1,"20":1,"21":0,"22":1,"23":1,"24":1,"25":1,"26":1,"27":1,"28":1,"29":1,"30":1,"31":1,"32":1,"33":2,"34":2},"b":{"1":[2,1,1,1],"2":[0,1],"3":[1,1]},"f":{"1":2,"2":5},"fnMap":{"1":{"name":"(anonymous_1)","line":100,"loc":{"start":{"line":100,"column":1},"end":{"line":100,"column":13}}},"2":{"name":"(anonymous_2)","line":105,"loc":{"start":{"line":105,"column":13},"end":{"line":105,"column":29}}}},"statementMap":{"1":{"start":{"line":100,"column":0},"end":{"line":164,"column":5}},"2":{"start":{"line":102,"column":4},"end":{"line":102,"column":17}},"3":{"start":{"line":103,"column":4},"end":{"line":103,"column":15}},"4":{"start":{"line":104,"column":4},"end":{"line":104,"column":16}},"5":{"start":{"line":105,"column":4},"end":{"line":161,"column":6}},"6":{"start":{"line":106,"column":8},"end":{"line":106,"column":22}},"7":{"start":{"line":107,"column":8},"end":{"line":160,"column":9}},"8":{"start":{"line":110,"column":12},"end":{"line":112,"column":13},"skip":true},"9":{"start":{"line":111,"column":16},"end":{"line":111,"column":23},"skip":true},"10":{"start":{"line":114,"column":12},"end":{"line":118,"column":13}},"11":{"start":{"line":115,"column":16},"end":{"line":115,"column":51}},"12":{"start":{"line":117,"column":16},"end":{"line":117,"column":62}},"13":{"start":{"line":119,"column":12},"end":{"line":119,"column":18}},"14":{"start":{"line":122,"column":12},"end":{"line":122,"column":75}},"15":{"start":{"line":124,"column":12},"end":{"line":128,"column":13}},"16":{"start":{"line":125,"column":16},"end":{"line":125,"column":66}},"17":{"start":{"line":127,"column":16},"end":{"line":127,"column":74}},"18":{"start":{"line":129,"column":12},"end":{"line":129,"column":71}},"19":{"start":{"line":132,"column":12},"end":{"line":136,"column":13},"skip":true},"20":{"start":{"line":133,"column":16},"end":{"line":133,"column":83},"skip":true},"21":{"start":{"line":135,"column":16},"end":{"line":135,"column":42},"skip":true},"22":{"start":{"line":138,"column":12},"end":{"line":141,"column":14}},"23":{"start":{"line":142,"column":12},"end":{"line":142,"column":18}},"24":{"start":{"line":145,"column":12},"end":{"line":145,"column":63}},"25":{"start":{"line":146,"column":12},"end":{"line":146,"column":18}},"26":{"start":{"line":150,"column":12},"end":{"line":154,"column":13},"skip":true},"27":{"start":{"line":151,"column":16},"end":{"line":151,"column":36},"skip":true},"28":{"start":{"line":153,"column":16},"end":{"line":153,"column":36},"skip":true},"29":{"start":{"line":155,"column":12},"end":{"line":155,"column":92}},"30":{"start":{"line":156,"column":12},"end":{"line":156,"column":94}},"31":{"start":{"line":158,"column":12},"end":{"line":158,"column":28}},"32":{"start":{"line":159,"column":12},"end":{"line":159,"column":18}},"33":{"start":{"line":162,"column":4},"end":{"line":162,"column":17}},"34":{"start":{"line":163,"column":4},"end":{"line":163,"column":13}}},"branchMap":{"1":{"line":107,"type":"switch","locations":[{"start":{"line":108,"column":8},"end":{"line":119,"column":18}},{"start":{"line":120,"column":8},"end":{"line":142,"column":18}},{"start":{"line":143,"column":8},"end":{"line":146,"column":18}},{"start":{"line":147,"column":8},"end":{"line":159,"column":18}}]},"2":{"line":110,"type":"if","locations":[{"start":{"line":110,"column":12},"end":{"line":110,"column":12},"skip":true},{"start":{"line":110,"column":12},"end":{"line":110,"column":12},"skip":true}]},"3":{"line":138,"type":"binary-expr","locations":[{"start":{"line":138,"column":13},"end":{"line":138,"column":42}},{"start":{"line":138,"column":46},"end":{"line":138,"column":75}}]}},"code":["","","","","","","","","","","","","","","","","","","","","","","","","","","","","","","","","","","","","","","","","","","","","","","","","","","","","","","","","","","","","","","","","","","","","","","","","","","","","","","","","/*","example.js","","this electron script will screenshot the webpage https://electron.atom.io","","instruction","    1. save this script as example.js","    2. run the shell command:","        $ npm install electron-lite && \\","            printf '{\"main\":\"example.js\",\"name\":\"undefined\",\"version\":\"0.0.1\"}' > \\","            package.json && \\","            ./node_modules/.bin/electron . --disable-overlay-scrollbar --enable-logging","    3. view screenshot /tmp/screenshot.testExampleJs.browser..png","*/","","","","/* istanbul instrument in package electron */","/* jslint utility2:true */","(function () {","    \"use strict\";","    var modeNext;","    var onNext;","    var options;","    onNext = function (data) {","        modeNext += 1;","        switch (modeNext) {","        case 1:","            /* istanbul ignore next */","            if (process.env.npm_config_mode_auto_restart) {","                return;","            }","            // wait for electron to init","            try {","                require(\"app\").on(\"ready\", onNext);","            } catch (ignore) {","                require(\"electron\").app.once(\"ready\", onNext);","            }","            break;","        case 2:","            // init options","            options = {frame: false, height: 768, width: 1024, x: 0, y: 0};","            // init browserWindow;","            try {","                options.BrowserWindow = require(\"browser-window\");","            } catch (ignore) {","                options.BrowserWindow = require(\"electron\").BrowserWindow;","            }","            options.browserWindow = new options.BrowserWindow(options);","            // goto next step when webpage is loaded","            /* istanbul ignore next */","            try {","                options.browserWindow.webContents.once(\"did-stop-loading\", onNext);","            } catch (ignore) {","                setTimeout(onNext, 10000);","            }","            // open url","            (options.browserWindow.loadUrl || options.browserWindow.loadURL).call(","                options.browserWindow,","                \"https://electron.atom.io\"","            );","            break;","        case 3:","            // screenshot webpage","            options.browserWindow.capturePage(options, onNext);","            break;","        case 4:","            // screenshot","            /* istanbul ignore next */","            try {","                data = data.toPng();","            } catch (ignore) {","                data = data.toPNG();","            }","            require(\"fs\").writeFileSync(\"/tmp/screenshot.testExampleJs.browser..png\", data);","            console.log(\"created screenshot file /tmp/screenshot.testExampleJs.browser..png\");","            // exit","            process.exit(0);","            break;","        }","    };","    modeNext = 0;","    onNext();","}());"],"l":{"100":2,"102":2,"103":2,"104":2,"105":2,"106":5,"107":5,"110":2,"111":1,"114":1,"115":1,"117":1,"119":1,"122":1,"124":1,"125":1,"127":1,"129":1,"132":1,"133":1,"135":1,"138":1,"142":1,"145":1,"146":1,"150":1,"151":1,"153":1,"155":1,"156":1,"158":1,"159":1,"162":2,"163":2}}}