{"/home/travis/build/kaizhu256/node-electron-lite/test.js":{"path":"/home/travis/build/kaizhu256/node-electron-lite/test.js","s":{"1":2,"2":2,"3":2,"4":2,"5":2,"6":2,"7":2,"8":2,"9":0,"10":0,"11":0,"12":0,"13":0,"14":0,"15":0,"16":0,"17":0,"18":2,"19":2,"20":2,"21":2,"22":2,"23":0,"24":0,"25":0,"26":0,"27":0,"28":2,"29":0,"30":2,"31":0,"32":2,"33":0,"34":2,"35":0,"36":0,"37":0,"38":0,"39":0,"40":2,"41":1,"42":1,"43":1,"44":1,"45":1,"46":1,"47":1,"48":1,"49":1,"50":1,"51":1,"52":1,"53":1,"54":1,"55":1,"56":1,"57":1,"58":1,"59":1,"60":1,"61":1,"62":1,"63":1,"64":1,"65":1,"66":1,"67":1,"68":2,"69":2,"70":2,"71":2,"72":2,"73":2,"74":2,"75":2,"76":1,"77":1,"78":1,"79":1,"80":0,"81":0,"82":1,"83":0,"84":0,"85":1,"86":1,"87":2,"88":2,"89":1,"90":1,"91":1,"92":1,"93":1,"94":1,"95":2,"96":2,"97":1,"98":1,"99":1,"100":1,"101":1,"102":1},"b":{"1":[0,2],"2":[2,1,1,1,1],"3":[0,0],"4":[0,0],"5":[0,0,0],"6":[0,0],"7":[0,0],"8":[0,0],"9":[0,0],"10":[0,0],"11":[0,0,0],"12":[0,0],"13":[1,1],"14":[2,1],"15":[1,1],"16":[0,1],"17":[1,1],"18":[1,1]},"f":{"1":2,"2":2,"3":0,"4":0,"5":0,"6":0,"7":0,"8":0,"9":0,"10":2,"11":2,"12":2,"13":2,"14":2,"15":2,"16":1},"fnMap":{"1":{"name":"(anonymous_1)","line":4,"loc":{"start":{"line":4,"column":1},"end":{"line":4,"column":23}},"skip":true},"2":{"name":"(anonymous_2)","line":9,"loc":{"start":{"line":9,"column":5},"end":{"line":9,"column":17}},"skip":true},"3":{"name":"(anonymous_3)","line":18,"loc":{"start":{"line":18,"column":41},"end":{"line":18,"column":53}},"skip":true},"4":{"name":"(anonymous_4)","line":47,"loc":{"start":{"line":47,"column":24},"end":{"line":47,"column":51}},"skip":true},"5":{"name":"(anonymous_5)","line":74,"loc":{"start":{"line":74,"column":26},"end":{"line":74,"column":41}},"skip":true},"6":{"name":"(anonymous_6)","line":82,"loc":{"start":{"line":82,"column":21},"end":{"line":82,"column":38}},"skip":true},"7":{"name":"(anonymous_7)","line":88,"loc":{"start":{"line":88,"column":16},"end":{"line":88,"column":28}},"skip":true},"8":{"name":"(anonymous_8)","line":94,"loc":{"start":{"line":94,"column":32},"end":{"line":94,"column":58}},"skip":true},"9":{"name":"(anonymous_9)","line":101,"loc":{"start":{"line":101,"column":42},"end":{"line":101,"column":57}},"skip":true},"10":{"name":"(anonymous_10)","line":146,"loc":{"start":{"line":146,"column":1},"end":{"line":146,"column":18}}},"11":{"name":"(anonymous_11)","line":152,"loc":{"start":{"line":152,"column":1},"end":{"line":152,"column":13}}},"12":{"name":"(anonymous_12)","line":165,"loc":{"start":{"line":165,"column":1},"end":{"line":165,"column":13}}},"13":{"name":"(anonymous_13)","line":167,"loc":{"start":{"line":167,"column":37},"end":{"line":167,"column":65}},"skip":true},"14":{"name":"(anonymous_14)","line":193,"loc":{"start":{"line":193,"column":34},"end":{"line":193,"column":62}}},"15":{"name":"(anonymous_15)","line":207,"loc":{"start":{"line":207,"column":32},"end":{"line":207,"column":60}}},"16":{"name":"(anonymous_16)","line":216,"loc":{"start":{"line":216,"column":19},"end":{"line":216,"column":31}}}},"statementMap":{"1":{"start":{"line":4,"column":0},"end":{"line":142,"column":9},"skip":true},"2":{"start":{"line":6,"column":4},"end":{"line":6,"column":21},"skip":true},"3":{"start":{"line":7,"column":4},"end":{"line":7,"column":14},"skip":true},"4":{"start":{"line":9,"column":4},"end":{"line":13,"column":9},"skip":true},"5":{"start":{"line":10,"column":8},"end":{"line":12,"column":27},"skip":true},"6":{"start":{"line":11,"column":12},"end":{"line":11,"column":51},"skip":true},"7":{"start":{"line":14,"column":4},"end":{"line":14,"column":39},"skip":true},"8":{"start":{"line":16,"column":4},"end":{"line":33,"column":5},"skip":true},"9":{"start":{"line":17,"column":8},"end":{"line":17,"column":37},"skip":true},"10":{"start":{"line":18,"column":8},"end":{"line":32,"column":10},"skip":true},"11":{"start":{"line":23,"column":12},"end":{"line":23,"column":24},"skip":true},"12":{"start":{"line":24,"column":12},"end":{"line":24,"column":44},"skip":true},"13":{"start":{"line":26,"column":12},"end":{"line":26,"column":62},"skip":true},"14":{"start":{"line":27,"column":12},"end":{"line":27,"column":49},"skip":true},"15":{"start":{"line":28,"column":12},"end":{"line":28,"column":49},"skip":true},"16":{"start":{"line":29,"column":12},"end":{"line":29,"column":31},"skip":true},"17":{"start":{"line":31,"column":12},"end":{"line":31,"column":30},"skip":true},"18":{"start":{"line":35,"column":4},"end":{"line":35,"column":15},"skip":true},"19":{"start":{"line":36,"column":4},"end":{"line":36,"column":24},"skip":true},"20":{"start":{"line":37,"column":4},"end":{"line":37,"column":35},"skip":true},"21":{"start":{"line":39,"column":4},"end":{"line":45,"column":6},"skip":true},"22":{"start":{"line":47,"column":4},"end":{"line":73,"column":6},"skip":true},"23":{"start":{"line":51,"column":8},"end":{"line":51,"column":16},"skip":true},"24":{"start":{"line":52,"column":8},"end":{"line":54,"column":9},"skip":true},"25":{"start":{"line":53,"column":12},"end":{"line":53,"column":19},"skip":true},"26":{"start":{"line":55,"column":8},"end":{"line":71,"column":10},"skip":true},"27":{"start":{"line":72,"column":8},"end":{"line":72,"column":18},"skip":true},"28":{"start":{"line":74,"column":4},"end":{"line":81,"column":6},"skip":true},"29":{"start":{"line":80,"column":8},"end":{"line":80,"column":32},"skip":true},"30":{"start":{"line":82,"column":4},"end":{"line":87,"column":6},"skip":true},"31":{"start":{"line":86,"column":8},"end":{"line":86,"column":21},"skip":true},"32":{"start":{"line":88,"column":4},"end":{"line":93,"column":6},"skip":true},"33":{"start":{"line":92,"column":8},"end":{"line":92,"column":15},"skip":true},"34":{"start":{"line":94,"column":4},"end":{"line":111,"column":6},"skip":true},"35":{"start":{"line":100,"column":8},"end":{"line":100,"column":30},"skip":true},"36":{"start":{"line":101,"column":8},"end":{"line":109,"column":11},"skip":true},"37":{"start":{"line":102,"column":12},"end":{"line":108,"column":13},"skip":true},"38":{"start":{"line":107,"column":16},"end":{"line":107,"column":57},"skip":true},"39":{"start":{"line":110,"column":8},"end":{"line":110,"column":22},"skip":true},"40":{"start":{"line":113,"column":4},"end":{"line":141,"column":5},"skip":true},"41":{"start":{"line":114,"column":8},"end":{"line":114,"column":41},"skip":true},"42":{"start":{"line":115,"column":8},"end":{"line":115,"column":41},"skip":true},"43":{"start":{"line":116,"column":8},"end":{"line":116,"column":55},"skip":true},"44":{"start":{"line":117,"column":8},"end":{"line":117,"column":43},"skip":true},"45":{"start":{"line":118,"column":8},"end":{"line":118,"column":41},"skip":true},"46":{"start":{"line":119,"column":8},"end":{"line":119,"column":39},"skip":true},"47":{"start":{"line":120,"column":8},"end":{"line":120,"column":35},"skip":true},"48":{"start":{"line":121,"column":8},"end":{"line":121,"column":41},"skip":true},"49":{"start":{"line":122,"column":8},"end":{"line":122,"column":41},"skip":true},"50":{"start":{"line":123,"column":8},"end":{"line":123,"column":33},"skip":true},"51":{"start":{"line":124,"column":8},"end":{"line":124,"column":37},"skip":true},"52":{"start":{"line":125,"column":8},"end":{"line":125,"column":39},"skip":true},"53":{"start":{"line":126,"column":8},"end":{"line":126,"column":35},"skip":true},"54":{"start":{"line":127,"column":8},"end":{"line":127,"column":33},"skip":true},"55":{"start":{"line":128,"column":8},"end":{"line":128,"column":37},"skip":true},"56":{"start":{"line":129,"column":8},"end":{"line":129,"column":51},"skip":true},"57":{"start":{"line":130,"column":8},"end":{"line":130,"column":45},"skip":true},"58":{"start":{"line":131,"column":8},"end":{"line":131,"column":37},"skip":true},"59":{"start":{"line":132,"column":8},"end":{"line":132,"column":41},"skip":true},"60":{"start":{"line":133,"column":8},"end":{"line":133,"column":57},"skip":true},"61":{"start":{"line":134,"column":8},"end":{"line":134,"column":41},"skip":true},"62":{"start":{"line":135,"column":8},"end":{"line":135,"column":35},"skip":true},"63":{"start":{"line":136,"column":8},"end":{"line":136,"column":35},"skip":true},"64":{"start":{"line":137,"column":8},"end":{"line":137,"column":35},"skip":true},"65":{"start":{"line":138,"column":8},"end":{"line":138,"column":37},"skip":true},"66":{"start":{"line":139,"column":8},"end":{"line":139,"column":33},"skip":true},"67":{"start":{"line":140,"column":8},"end":{"line":140,"column":37},"skip":true},"68":{"start":{"line":146,"column":0},"end":{"line":225,"column":5}},"69":{"start":{"line":152,"column":0},"end":{"line":160,"column":5}},"70":{"start":{"line":154,"column":0},"end":{"line":156,"column":18}},"71":{"start":{"line":157,"column":0},"end":{"line":157,"column":25}},"72":{"start":{"line":159,"column":0},"end":{"line":159,"column":28}},"73":{"start":{"line":165,"column":0},"end":{"line":221,"column":5}},"74":{"start":{"line":167,"column":0},"end":{"line":191,"column":2},"skip":true},"75":{"start":{"line":171,"column":4},"end":{"line":174,"column":5},"skip":true},"76":{"start":{"line":172,"column":8},"end":{"line":172,"column":31},"skip":true},"77":{"start":{"line":173,"column":8},"end":{"line":173,"column":15},"skip":true},"78":{"start":{"line":175,"column":4},"end":{"line":180,"column":5},"skip":true},"79":{"start":{"line":176,"column":8},"end":{"line":176,"column":45},"skip":true},"80":{"start":{"line":178,"column":8},"end":{"line":178,"column":31},"skip":true},"81":{"start":{"line":179,"column":8},"end":{"line":179,"column":15},"skip":true},"82":{"start":{"line":181,"column":4},"end":{"line":184,"column":5},"skip":true},"83":{"start":{"line":182,"column":8},"end":{"line":182,"column":90},"skip":true},"84":{"start":{"line":183,"column":8},"end":{"line":183,"column":85},"skip":true},"85":{"start":{"line":185,"column":4},"end":{"line":189,"column":6},"skip":true},"86":{"start":{"line":190,"column":4},"end":{"line":190,"column":40},"skip":true},"87":{"start":{"line":193,"column":0},"end":{"line":205,"column":2}},"88":{"start":{"line":197,"column":4},"end":{"line":200,"column":5}},"89":{"start":{"line":198,"column":8},"end":{"line":198,"column":31}},"90":{"start":{"line":199,"column":8},"end":{"line":199,"column":15}},"91":{"start":{"line":201,"column":4},"end":{"line":201,"column":68}},"92":{"start":{"line":202,"column":4},"end":{"line":202,"column":65}},"93":{"start":{"line":203,"column":4},"end":{"line":203,"column":66}},"94":{"start":{"line":204,"column":4},"end":{"line":204,"column":27}},"95":{"start":{"line":207,"column":0},"end":{"line":220,"column":2}},"96":{"start":{"line":211,"column":4},"end":{"line":214,"column":5}},"97":{"start":{"line":212,"column":8},"end":{"line":212,"column":31}},"98":{"start":{"line":213,"column":8},"end":{"line":213,"column":15}},"99":{"start":{"line":215,"column":4},"end":{"line":215,"column":27}},"100":{"start":{"line":216,"column":4},"end":{"line":219,"column":6}},"101":{"start":{"line":217,"column":8},"end":{"line":217,"column":31}},"102":{"start":{"line":218,"column":8},"end":{"line":218,"column":31}}},"branchMap":{"1":{"line":16,"type":"if","locations":[{"start":{"line":16,"column":4},"end":{"line":16,"column":4},"skip":true},{"start":{"line":16,"column":4},"end":{"line":16,"column":4},"skip":true}]},"2":{"line":40,"type":"binary-expr","locations":[{"start":{"line":40,"column":8},"end":{"line":40,"column":34},"skip":true},{"start":{"line":41,"column":11},"end":{"line":41,"column":32},"skip":true},{"start":{"line":42,"column":11},"end":{"line":42,"column":54},"skip":true},{"start":{"line":43,"column":11},"end":{"line":43,"column":26},"skip":true},{"start":{"line":44,"column":11},"end":{"line":44,"column":62},"skip":true}]},"3":{"line":52,"type":"if","locations":[{"start":{"line":52,"column":8},"end":{"line":52,"column":8},"skip":true},{"start":{"line":52,"column":8},"end":{"line":52,"column":8},"skip":true}]},"4":{"line":57,"type":"cond-expr","locations":[{"start":{"line":63,"column":14},"end":{"line":63,"column":21},"skip":true},{"start":{"line":64,"column":14},"end":{"line":70,"column":13},"skip":true}]},"5":{"line":58,"type":"binary-expr","locations":[{"start":{"line":58,"column":16},"end":{"line":58,"column":23},"skip":true},{"start":{"line":59,"column":19},"end":{"line":59,"column":54},"skip":true},{"start":{"line":60,"column":19},"end":{"line":60,"column":52},"skip":true}]},"6":{"line":65,"type":"cond-expr","locations":[{"start":{"line":67,"column":18},"end":{"line":67,"column":25},"skip":true},{"start":{"line":69,"column":18},"end":{"line":69,"column":50},"skip":true}]},"7":{"line":80,"type":"binary-expr","locations":[{"start":{"line":80,"column":15},"end":{"line":80,"column":18},"skip":true},{"start":{"line":80,"column":22},"end":{"line":80,"column":31},"skip":true}]},"8":{"line":100,"type":"binary-expr","locations":[{"start":{"line":100,"column":17},"end":{"line":100,"column":23},"skip":true},{"start":{"line":100,"column":27},"end":{"line":100,"column":29},"skip":true}]},"9":{"line":101,"type":"binary-expr","locations":[{"start":{"line":101,"column":20},"end":{"line":101,"column":26},"skip":true},{"start":{"line":101,"column":30},"end":{"line":101,"column":32},"skip":true}]},"10":{"line":102,"type":"if","locations":[{"start":{"line":102,"column":12},"end":{"line":102,"column":12},"skip":true},{"start":{"line":102,"column":12},"end":{"line":102,"column":12},"skip":true}]},"11":{"line":103,"type":"binary-expr","locations":[{"start":{"line":103,"column":16},"end":{"line":103,"column":36},"skip":true},{"start":{"line":104,"column":19},"end":{"line":104,"column":44},"skip":true},{"start":{"line":105,"column":19},"end":{"line":105,"column":37},"skip":true}]},"12":{"line":107,"type":"binary-expr","locations":[{"start":{"line":107,"column":30},"end":{"line":107,"column":41},"skip":true},{"start":{"line":107,"column":45},"end":{"line":107,"column":56},"skip":true}]},"13":{"line":113,"type":"if","locations":[{"start":{"line":113,"column":4},"end":{"line":113,"column":4},"skip":true},{"start":{"line":113,"column":4},"end":{"line":113,"column":4},"skip":true}]},"14":{"line":155,"type":"binary-expr","locations":[{"start":{"line":155,"column":4},"end":{"line":155,"column":23}},{"start":{"line":155,"column":27},"end":{"line":155,"column":46}}]},"15":{"line":171,"type":"if","locations":[{"start":{"line":171,"column":4},"end":{"line":171,"column":4},"skip":true},{"start":{"line":171,"column":4},"end":{"line":171,"column":4},"skip":true}]},"16":{"line":181,"type":"if","locations":[{"start":{"line":181,"column":4},"end":{"line":181,"column":4},"skip":true},{"start":{"line":181,"column":4},"end":{"line":181,"column":4},"skip":true}]},"17":{"line":197,"type":"if","locations":[{"start":{"line":197,"column":4},"end":{"line":197,"column":4}},{"start":{"line":197,"column":4},"end":{"line":197,"column":4}}]},"18":{"line":211,"type":"if","locations":[{"start":{"line":211,"column":4},"end":{"line":211,"column":4}},{"start":{"line":211,"column":4},"end":{"line":211,"column":4}}]}},"code":["/* istanbul instrument in package electron */","/* istanbul ignore next */","/* jslint utility2:true */","(function (globalThis) {","    \"use strict\";","    var consoleError;","    var local;","    // init globalThis","    (function () {","        try {","            globalThis = Function(\"return this\")(); // jslint ignore:line","        } catch (ignore) {}","    }());","    globalThis.globalThis = globalThis;","    // init debug_inline","    if (!globalThis[\"debug\\u0049nline\"]) {","        consoleError = console.error;","        globalThis[\"debug\\u0049nline\"] = function () {","        /*","         * this function will both print <arguments> to stderr","         * and return <arguments>[0]","         */","            var argList;","            argList = Array.from(arguments); // jslint ignore:line","            // debug arguments","            globalThis[\"debug\\u0049nlineArguments\"] = argList;","            consoleError(\"\\n\\ndebug\\u0049nline\");","            consoleError.apply(console, argList);","            consoleError(\"\\n\");","            // return arg0 for inspection","            return argList[0];","        };","    }","    // init local","    local = {};","    local.local = local;","    globalThis.globalLocal = local;","    // init isBrowser","    local.isBrowser = (","        typeof window === \"object\"","        && window === globalThis","        && typeof window.XMLHttpRequest === \"function\"","        && window.document","        && typeof window.document.querySelector === \"function\"","    );","    // init function","    local.assertThrow = function (passed, message) {","    /*","     * this function will throw error-<message> if <passed> is falsy","     */","        var err;","        if (passed) {","            return;","        }","        err = (","            // ternary-condition","            (","                message","                && typeof message.message === \"string\"","                && typeof message.stack === \"string\"","            )","            // if message is error-object, then leave as is","            ? message","            : new Error(","                typeof message === \"string\"","                // if message is a string, then leave as is","                ? message","                // else JSON.stringify message","                : JSON.stringify(message, null, 4)","            )","        );","        throw err;","    };","    local.functionOrNop = function (fnc) {","    /*","     * this function will if <fnc> exists,","     * them return <fnc>,","     * else return <nop>","     */","        return fnc || local.nop;","    };","    local.identity = function (value) {","    /*","     * this function will return <value>","     */","        return value;","    };","    local.nop = function () {","    /*","     * this function will do nothing","     */","        return;","    };","    local.objectAssignDefault = function (target, source) {","    /*","     * this function will if items from <target> are","     * null, undefined, or empty-string,","     * then overwrite them with items from <source>","     */","        target = target || {};","        Object.keys(source || {}).forEach(function (key) {","            if (","                target[key] === null","                || target[key] === undefined","                || target[key] === \"\"","            ) {","                target[key] = target[key] || source[key];","            }","        });","        return target;","    };","    // require builtin","    if (!local.isBrowser) {","        local.assert = require(\"assert\");","        local.buffer = require(\"buffer\");","        local.child_process = require(\"child_process\");","        local.cluster = require(\"cluster\");","        local.crypto = require(\"crypto\");","        local.dgram = require(\"dgram\");","        local.dns = require(\"dns\");","        local.domain = require(\"domain\");","        local.events = require(\"events\");","        local.fs = require(\"fs\");","        local.http = require(\"http\");","        local.https = require(\"https\");","        local.net = require(\"net\");","        local.os = require(\"os\");","        local.path = require(\"path\");","        local.querystring = require(\"querystring\");","        local.readline = require(\"readline\");","        local.repl = require(\"repl\");","        local.stream = require(\"stream\");","        local.string_decoder = require(\"string_decoder\");","        local.timers = require(\"timers\");","        local.tls = require(\"tls\");","        local.tty = require(\"tty\");","        local.url = require(\"url\");","        local.util = require(\"util\");","        local.vm = require(\"vm\");","        local.zlib = require(\"zlib\");","    }","}(this));","","","","(function (local) {","\"use strict\";","","","","// run shared js-env code - init-before","(function () {","// init local","local = (","    globalThis.utility2 || require(\"utility2\")",").requireReadme();","globalThis.local = local;","// init test","local.testRunDefault(local);","}());","","","","// run shared js-env code - function","(function () {","/* istanbul ignore next */","local.testCase_buildApidoc_default = function (options, onError) {","/*"," * this function will test buildApidoc's default handling-behavior-behavior"," */","    if (local.isBrowser) {","        onError(null, options);","        return;","    }","    try {","        local.electron = require(\"electron\");","    } catch (ignore) {","        onError(null, options);","        return;","    }","    if (process.env.npm_config_mode_test_case === \"testCase_buildApidoc_default\") {","        local.electron.NativeImage = local.electron.nativeImage.createEmpty().constructor;","        local.electron.WebContents = local.electron.webContents.create().constructor;","    }","    options = {","        moduleDict: {","            electron: local.electron","        }","    };","    local.buildApidoc(options, onError);","};","","local.testCase_buildApp_default = function (options, onError) {","/*"," * this function will test buildApp's default handling-behavior"," */","    if (local.isBrowser) {","        onError(null, options);","        return;","    }","    local.testCase_buildReadme_default(options, local.onErrorThrow);","    local.testCase_buildLib_default(options, local.onErrorThrow);","    local.testCase_buildTest_default(options, local.onErrorThrow);","    onError(null, options);","};","","local.testCase_exampleJs_exit = function (options, onError) {","/*"," * this function will test example.js's exit handling-behavior"," */","    if (local.isBrowser) {","        onError(null, options);","        return;","    }","    options = process.exit;","    process.exit = function () {","        process.exit = options;","        onError(null, options);","    };","};","}());","","","","}());",""],"l":{"4":2,"6":2,"7":2,"9":2,"10":2,"11":2,"14":2,"16":2,"17":1,"18":1,"23":1,"24":1,"26":1,"27":1,"28":1,"29":1,"31":1,"35":2,"36":2,"37":2,"39":2,"47":2,"51":1,"52":1,"53":1,"55":1,"72":1,"74":2,"80":1,"82":2,"86":1,"88":2,"92":1,"94":2,"100":1,"101":1,"102":1,"107":1,"110":1,"113":2,"114":1,"115":1,"116":1,"117":1,"118":1,"119":1,"120":1,"121":1,"122":1,"123":1,"124":1,"125":1,"126":1,"127":1,"128":1,"129":1,"130":1,"131":1,"132":1,"133":1,"134":1,"135":1,"136":1,"137":1,"138":1,"139":1,"140":1,"146":2,"152":2,"154":2,"157":2,"159":2,"165":2,"167":2,"171":2,"172":1,"173":1,"175":1,"176":1,"178":1,"179":1,"181":1,"182":1,"183":1,"185":1,"190":1,"193":2,"197":2,"198":1,"199":1,"201":1,"202":1,"203":1,"204":1,"207":2,"211":2,"212":1,"213":1,"215":1,"216":1,"217":1,"218":1}},"/home/travis/build/kaizhu256/node-electron-lite/lib.electron.js":{"path":"/home/travis/build/kaizhu256/node-electron-lite/lib.electron.js","s":{"1":1,"2":1,"3":1,"4":1,"5":1,"6":1,"7":1,"8":1,"9":0,"10":0,"11":0,"12":0,"13":0,"14":0,"15":0,"16":0,"17":0,"18":1,"19":1,"20":1,"21":1,"22":1,"23":0,"24":0,"25":0,"26":0,"27":0,"28":1,"29":0,"30":1,"31":0,"32":1,"33":0,"34":1,"35":0,"36":0,"37":0,"38":0,"39":0,"40":1,"41":1,"42":1,"43":1,"44":1,"45":1,"46":1,"47":1,"48":1,"49":1,"50":1,"51":1,"52":1,"53":1,"54":1,"55":1,"56":1,"57":1,"58":1,"59":1,"60":1,"61":1,"62":1,"63":1,"64":1,"65":1,"66":1,"67":1,"68":1,"69":1,"70":1,"71":1,"72":0,"73":1,"74":1,"75":1,"76":1,"77":1,"78":1,"79":1,"80":0,"81":0,"82":0,"83":0,"84":0,"85":0,"86":0,"87":0,"88":0,"89":0,"90":0,"91":0,"92":0},"b":{"1":[0,1],"2":[1,0,0,0,0],"3":[0,0],"4":[0,0],"5":[0,0,0],"6":[0,0],"7":[0,0],"8":[0,0],"9":[0,0],"10":[0,0],"11":[0,0,0],"12":[0,0],"13":[1,0],"14":[1,1],"15":[0,1],"16":[1,0],"17":[1,1,0],"18":[0,0],"19":[0,0],"20":[0,0],"21":[0,0],"22":[0,0,0]},"f":{"1":1,"2":1,"3":0,"4":0,"5":0,"6":0,"7":0,"8":0,"9":0,"10":1,"11":1,"12":1,"13":0,"14":0},"fnMap":{"1":{"name":"(anonymous_1)","line":14,"loc":{"start":{"line":14,"column":1},"end":{"line":14,"column":23}},"skip":true},"2":{"name":"(anonymous_2)","line":19,"loc":{"start":{"line":19,"column":5},"end":{"line":19,"column":17}},"skip":true},"3":{"name":"(anonymous_3)","line":28,"loc":{"start":{"line":28,"column":41},"end":{"line":28,"column":53}},"skip":true},"4":{"name":"(anonymous_4)","line":57,"loc":{"start":{"line":57,"column":24},"end":{"line":57,"column":51}},"skip":true},"5":{"name":"(anonymous_5)","line":84,"loc":{"start":{"line":84,"column":26},"end":{"line":84,"column":41}},"skip":true},"6":{"name":"(anonymous_6)","line":92,"loc":{"start":{"line":92,"column":21},"end":{"line":92,"column":38}},"skip":true},"7":{"name":"(anonymous_7)","line":98,"loc":{"start":{"line":98,"column":16},"end":{"line":98,"column":28}},"skip":true},"8":{"name":"(anonymous_8)","line":104,"loc":{"start":{"line":104,"column":32},"end":{"line":104,"column":58}},"skip":true},"9":{"name":"(anonymous_9)","line":111,"loc":{"start":{"line":111,"column":42},"end":{"line":111,"column":57}},"skip":true},"10":{"name":"(anonymous_10)","line":156,"loc":{"start":{"line":156,"column":1},"end":{"line":156,"column":18}}},"11":{"name":"(anonymous_11)","line":163,"loc":{"start":{"line":163,"column":1},"end":{"line":163,"column":13}},"skip":true},"12":{"name":"(anonymous_12)","line":191,"loc":{"start":{"line":191,"column":1},"end":{"line":191,"column":13}},"skip":true},"13":{"name":"(anonymous_13)","line":203,"loc":{"start":{"line":203,"column":43},"end":{"line":203,"column":59}},"skip":true},"14":{"name":"(anonymous_14)","line":218,"loc":{"start":{"line":218,"column":30},"end":{"line":218,"column":61}},"skip":true}},"statementMap":{"1":{"start":{"line":14,"column":0},"end":{"line":152,"column":9},"skip":true},"2":{"start":{"line":16,"column":4},"end":{"line":16,"column":21},"skip":true},"3":{"start":{"line":17,"column":4},"end":{"line":17,"column":14},"skip":true},"4":{"start":{"line":19,"column":4},"end":{"line":23,"column":9},"skip":true},"5":{"start":{"line":20,"column":8},"end":{"line":22,"column":27},"skip":true},"6":{"start":{"line":21,"column":12},"end":{"line":21,"column":51},"skip":true},"7":{"start":{"line":24,"column":4},"end":{"line":24,"column":39},"skip":true},"8":{"start":{"line":26,"column":4},"end":{"line":43,"column":5},"skip":true},"9":{"start":{"line":27,"column":8},"end":{"line":27,"column":37},"skip":true},"10":{"start":{"line":28,"column":8},"end":{"line":42,"column":10},"skip":true},"11":{"start":{"line":33,"column":12},"end":{"line":33,"column":24},"skip":true},"12":{"start":{"line":34,"column":12},"end":{"line":34,"column":44},"skip":true},"13":{"start":{"line":36,"column":12},"end":{"line":36,"column":62},"skip":true},"14":{"start":{"line":37,"column":12},"end":{"line":37,"column":49},"skip":true},"15":{"start":{"line":38,"column":12},"end":{"line":38,"column":49},"skip":true},"16":{"start":{"line":39,"column":12},"end":{"line":39,"column":31},"skip":true},"17":{"start":{"line":41,"column":12},"end":{"line":41,"column":30},"skip":true},"18":{"start":{"line":45,"column":4},"end":{"line":45,"column":15},"skip":true},"19":{"start":{"line":46,"column":4},"end":{"line":46,"column":24},"skip":true},"20":{"start":{"line":47,"column":4},"end":{"line":47,"column":35},"skip":true},"21":{"start":{"line":49,"column":4},"end":{"line":55,"column":6},"skip":true},"22":{"start":{"line":57,"column":4},"end":{"line":83,"column":6},"skip":true},"23":{"start":{"line":61,"column":8},"end":{"line":61,"column":16},"skip":true},"24":{"start":{"line":62,"column":8},"end":{"line":64,"column":9},"skip":true},"25":{"start":{"line":63,"column":12},"end":{"line":63,"column":19},"skip":true},"26":{"start":{"line":65,"column":8},"end":{"line":81,"column":10},"skip":true},"27":{"start":{"line":82,"column":8},"end":{"line":82,"column":18},"skip":true},"28":{"start":{"line":84,"column":4},"end":{"line":91,"column":6},"skip":true},"29":{"start":{"line":90,"column":8},"end":{"line":90,"column":32},"skip":true},"30":{"start":{"line":92,"column":4},"end":{"line":97,"column":6},"skip":true},"31":{"start":{"line":96,"column":8},"end":{"line":96,"column":21},"skip":true},"32":{"start":{"line":98,"column":4},"end":{"line":103,"column":6},"skip":true},"33":{"start":{"line":102,"column":8},"end":{"line":102,"column":15},"skip":true},"34":{"start":{"line":104,"column":4},"end":{"line":121,"column":6},"skip":true},"35":{"start":{"line":110,"column":8},"end":{"line":110,"column":30},"skip":true},"36":{"start":{"line":111,"column":8},"end":{"line":119,"column":11},"skip":true},"37":{"start":{"line":112,"column":12},"end":{"line":118,"column":13},"skip":true},"38":{"start":{"line":117,"column":16},"end":{"line":117,"column":57},"skip":true},"39":{"start":{"line":120,"column":8},"end":{"line":120,"column":22},"skip":true},"40":{"start":{"line":123,"column":4},"end":{"line":151,"column":5},"skip":true},"41":{"start":{"line":124,"column":8},"end":{"line":124,"column":41},"skip":true},"42":{"start":{"line":125,"column":8},"end":{"line":125,"column":41},"skip":true},"43":{"start":{"line":126,"column":8},"end":{"line":126,"column":55},"skip":true},"44":{"start":{"line":127,"column":8},"end":{"line":127,"column":43},"skip":true},"45":{"start":{"line":128,"column":8},"end":{"line":128,"column":41},"skip":true},"46":{"start":{"line":129,"column":8},"end":{"line":129,"column":39},"skip":true},"47":{"start":{"line":130,"column":8},"end":{"line":130,"column":35},"skip":true},"48":{"start":{"line":131,"column":8},"end":{"line":131,"column":41},"skip":true},"49":{"start":{"line":132,"column":8},"end":{"line":132,"column":41},"skip":true},"50":{"start":{"line":133,"column":8},"end":{"line":133,"column":33},"skip":true},"51":{"start":{"line":134,"column":8},"end":{"line":134,"column":37},"skip":true},"52":{"start":{"line":135,"column":8},"end":{"line":135,"column":39},"skip":true},"53":{"start":{"line":136,"column":8},"end":{"line":136,"column":35},"skip":true},"54":{"start":{"line":137,"column":8},"end":{"line":137,"column":33},"skip":true},"55":{"start":{"line":138,"column":8},"end":{"line":138,"column":37},"skip":true},"56":{"start":{"line":139,"column":8},"end":{"line":139,"column":51},"skip":true},"57":{"start":{"line":140,"column":8},"end":{"line":140,"column":45},"skip":true},"58":{"start":{"line":141,"column":8},"end":{"line":141,"column":37},"skip":true},"59":{"start":{"line":142,"column":8},"end":{"line":142,"column":41},"skip":true},"60":{"start":{"line":143,"column":8},"end":{"line":143,"column":57},"skip":true},"61":{"start":{"line":144,"column":8},"end":{"line":144,"column":41},"skip":true},"62":{"start":{"line":145,"column":8},"end":{"line":145,"column":35},"skip":true},"63":{"start":{"line":146,"column":8},"end":{"line":146,"column":35},"skip":true},"64":{"start":{"line":147,"column":8},"end":{"line":147,"column":35},"skip":true},"65":{"start":{"line":148,"column":8},"end":{"line":148,"column":37},"skip":true},"66":{"start":{"line":149,"column":8},"end":{"line":149,"column":33},"skip":true},"67":{"start":{"line":150,"column":8},"end":{"line":150,"column":37},"skip":true},"68":{"start":{"line":156,"column":0},"end":{"line":235,"column":5}},"69":{"start":{"line":163,"column":0},"end":{"line":185,"column":5},"skip":true},"70":{"start":{"line":165,"column":0},"end":{"line":170,"column":2},"skip":true},"71":{"start":{"line":172,"column":0},"end":{"line":177,"column":1},"skip":true},"72":{"start":{"line":173,"column":4},"end":{"line":173,"column":41},"skip":true},"73":{"start":{"line":175,"column":4},"end":{"line":175,"column":27},"skip":true},"74":{"start":{"line":176,"column":4},"end":{"line":176,"column":41},"skip":true},"75":{"start":{"line":179,"column":0},"end":{"line":179,"column":23},"skip":true},"76":{"start":{"line":184,"column":0},"end":{"line":184,"column":7},"skip":true},"77":{"start":{"line":191,"column":0},"end":{"line":231,"column":5},"skip":true},"78":{"start":{"line":193,"column":0},"end":{"line":195,"column":1},"skip":true},"79":{"start":{"line":194,"column":4},"end":{"line":194,"column":11},"skip":true},"80":{"start":{"line":196,"column":0},"end":{"line":196,"column":30},"skip":true},"81":{"start":{"line":197,"column":0},"end":{"line":208,"column":3},"skip":true},"82":{"start":{"line":204,"column":4},"end":{"line":207,"column":5},"skip":true},"83":{"start":{"line":205,"column":8},"end":{"line":205,"column":32},"skip":true},"84":{"start":{"line":206,"column":8},"end":{"line":206,"column":20},"skip":true},"85":{"start":{"line":210,"column":0},"end":{"line":216,"column":2},"skip":true},"86":{"start":{"line":217,"column":0},"end":{"line":217,"column":37},"skip":true},"87":{"start":{"line":218,"column":0},"end":{"line":230,"column":3},"skip":true},"88":{"start":{"line":221,"column":4},"end":{"line":229,"column":5},"skip":true},"89":{"start":{"line":224,"column":8},"end":{"line":224,"column":50},"skip":true},"90":{"start":{"line":225,"column":8},"end":{"line":225,"column":27},"skip":true},"91":{"start":{"line":226,"column":8},"end":{"line":226,"column":14},"skip":true},"92":{"start":{"line":228,"column":8},"end":{"line":228,"column":50},"skip":true}},"branchMap":{"1":{"line":26,"type":"if","locations":[{"start":{"line":26,"column":4},"end":{"line":26,"column":4},"skip":true},{"start":{"line":26,"column":4},"end":{"line":26,"column":4},"skip":true}]},"2":{"line":50,"type":"binary-expr","locations":[{"start":{"line":50,"column":8},"end":{"line":50,"column":34},"skip":true},{"start":{"line":51,"column":11},"end":{"line":51,"column":32},"skip":true},{"start":{"line":52,"column":11},"end":{"line":52,"column":54},"skip":true},{"start":{"line":53,"column":11},"end":{"line":53,"column":26},"skip":true},{"start":{"line":54,"column":11},"end":{"line":54,"column":62},"skip":true}]},"3":{"line":62,"type":"if","locations":[{"start":{"line":62,"column":8},"end":{"line":62,"column":8},"skip":true},{"start":{"line":62,"column":8},"end":{"line":62,"column":8},"skip":true}]},"4":{"line":67,"type":"cond-expr","locations":[{"start":{"line":73,"column":14},"end":{"line":73,"column":21},"skip":true},{"start":{"line":74,"column":14},"end":{"line":80,"column":13},"skip":true}]},"5":{"line":68,"type":"binary-expr","locations":[{"start":{"line":68,"column":16},"end":{"line":68,"column":23},"skip":true},{"start":{"line":69,"column":19},"end":{"line":69,"column":54},"skip":true},{"start":{"line":70,"column":19},"end":{"line":70,"column":52},"skip":true}]},"6":{"line":75,"type":"cond-expr","locations":[{"start":{"line":77,"column":18},"end":{"line":77,"column":25},"skip":true},{"start":{"line":79,"column":18},"end":{"line":79,"column":50},"skip":true}]},"7":{"line":90,"type":"binary-expr","locations":[{"start":{"line":90,"column":15},"end":{"line":90,"column":18},"skip":true},{"start":{"line":90,"column":22},"end":{"line":90,"column":31},"skip":true}]},"8":{"line":110,"type":"binary-expr","locations":[{"start":{"line":110,"column":17},"end":{"line":110,"column":23},"skip":true},{"start":{"line":110,"column":27},"end":{"line":110,"column":29},"skip":true}]},"9":{"line":111,"type":"binary-expr","locations":[{"start":{"line":111,"column":20},"end":{"line":111,"column":26},"skip":true},{"start":{"line":111,"column":30},"end":{"line":111,"column":32},"skip":true}]},"10":{"line":112,"type":"if","locations":[{"start":{"line":112,"column":12},"end":{"line":112,"column":12},"skip":true},{"start":{"line":112,"column":12},"end":{"line":112,"column":12},"skip":true}]},"11":{"line":113,"type":"binary-expr","locations":[{"start":{"line":113,"column":16},"end":{"line":113,"column":36},"skip":true},{"start":{"line":114,"column":19},"end":{"line":114,"column":44},"skip":true},{"start":{"line":115,"column":19},"end":{"line":115,"column":37},"skip":true}]},"12":{"line":117,"type":"binary-expr","locations":[{"start":{"line":117,"column":30},"end":{"line":117,"column":41},"skip":true},{"start":{"line":117,"column":45},"end":{"line":117,"column":56},"skip":true}]},"13":{"line":123,"type":"if","locations":[{"start":{"line":123,"column":4},"end":{"line":123,"column":4},"skip":true},{"start":{"line":123,"column":4},"end":{"line":123,"column":4},"skip":true}]},"14":{"line":166,"type":"binary-expr","locations":[{"start":{"line":166,"column":4},"end":{"line":166,"column":30},"skip":true},{"start":{"line":169,"column":7},"end":{"line":169,"column":29},"skip":true}]},"15":{"line":172,"type":"if","locations":[{"start":{"line":172,"column":0},"end":{"line":172,"column":0},"skip":true},{"start":{"line":172,"column":0},"end":{"line":172,"column":0},"skip":true}]},"16":{"line":193,"type":"if","locations":[{"start":{"line":193,"column":0},"end":{"line":193,"column":0},"skip":true},{"start":{"line":193,"column":0},"end":{"line":193,"column":0},"skip":true}]},"17":{"line":193,"type":"binary-expr","locations":[{"start":{"line":193,"column":4},"end":{"line":193,"column":19},"skip":true},{"start":{"line":193,"column":23},"end":{"line":193,"column":46},"skip":true},{"start":{"line":193,"column":50},"end":{"line":193,"column":75},"skip":true}]},"18":{"line":198,"type":"binary-expr","locations":[{"start":{"line":198,"column":4},"end":{"line":198,"column":33},"skip":true},{"start":{"line":199,"column":7},"end":{"line":199,"column":59},"skip":true}]},"19":{"line":201,"type":"binary-expr","locations":[{"start":{"line":201,"column":4},"end":{"line":201,"column":33},"skip":true},{"start":{"line":202,"column":7},"end":{"line":202,"column":67},"skip":true}]},"20":{"line":204,"type":"if","locations":[{"start":{"line":204,"column":4},"end":{"line":204,"column":4},"skip":true},{"start":{"line":204,"column":4},"end":{"line":204,"column":4},"skip":true}]},"21":{"line":204,"type":"binary-expr","locations":[{"start":{"line":204,"column":8},"end":{"line":204,"column":12},"skip":true},{"start":{"line":204,"column":16},"end":{"line":204,"column":41},"skip":true}]},"22":{"line":221,"type":"switch","locations":[{"start":{"line":222,"column":4},"end":{"line":222,"column":18},"skip":true},{"start":{"line":223,"column":4},"end":{"line":226,"column":14},"skip":true},{"start":{"line":227,"column":4},"end":{"line":228,"column":50},"skip":true}]}},"code":["//#!/usr/bin/env node","/*"," * lib.electron.js (2019.1.7)"," * https://github.com/kaizhu256/node-electron-lite"," * this zero-dependency package will download and install the electron (v4.2.8) prebuilt-binary from https://github.com/electron/electron/releases"," *"," */","","","","/* istanbul instrument in package electron */","/* istanbul ignore next */","/* jslint utility2:true */","(function (globalThis) {","    \"use strict\";","    var consoleError;","    var local;","    // init globalThis","    (function () {","        try {","            globalThis = Function(\"return this\")(); // jslint ignore:line","        } catch (ignore) {}","    }());","    globalThis.globalThis = globalThis;","    // init debug_inline","    if (!globalThis[\"debug\\u0049nline\"]) {","        consoleError = console.error;","        globalThis[\"debug\\u0049nline\"] = function () {","        /*","         * this function will both print <arguments> to stderr","         * and return <arguments>[0]","         */","            var argList;","            argList = Array.from(arguments); // jslint ignore:line","            // debug arguments","            globalThis[\"debug\\u0049nlineArguments\"] = argList;","            consoleError(\"\\n\\ndebug\\u0049nline\");","            consoleError.apply(console, argList);","            consoleError(\"\\n\");","            // return arg0 for inspection","            return argList[0];","        };","    }","    // init local","    local = {};","    local.local = local;","    globalThis.globalLocal = local;","    // init isBrowser","    local.isBrowser = (","        typeof window === \"object\"","        && window === globalThis","        && typeof window.XMLHttpRequest === \"function\"","        && window.document","        && typeof window.document.querySelector === \"function\"","    );","    // init function","    local.assertThrow = function (passed, message) {","    /*","     * this function will throw error-<message> if <passed> is falsy","     */","        var err;","        if (passed) {","            return;","        }","        err = (","            // ternary-condition","            (","                message","                && typeof message.message === \"string\"","                && typeof message.stack === \"string\"","            )","            // if message is error-object, then leave as is","            ? message","            : new Error(","                typeof message === \"string\"","                // if message is a string, then leave as is","                ? message","                // else JSON.stringify message","                : JSON.stringify(message, null, 4)","            )","        );","        throw err;","    };","    local.functionOrNop = function (fnc) {","    /*","     * this function will if <fnc> exists,","     * them return <fnc>,","     * else return <nop>","     */","        return fnc || local.nop;","    };","    local.identity = function (value) {","    /*","     * this function will return <value>","     */","        return value;","    };","    local.nop = function () {","    /*","     * this function will do nothing","     */","        return;","    };","    local.objectAssignDefault = function (target, source) {","    /*","     * this function will if items from <target> are","     * null, undefined, or empty-string,","     * then overwrite them with items from <source>","     */","        target = target || {};","        Object.keys(source || {}).forEach(function (key) {","            if (","                target[key] === null","                || target[key] === undefined","                || target[key] === \"\"","            ) {","                target[key] = target[key] || source[key];","            }","        });","        return target;","    };","    // require builtin","    if (!local.isBrowser) {","        local.assert = require(\"assert\");","        local.buffer = require(\"buffer\");","        local.child_process = require(\"child_process\");","        local.cluster = require(\"cluster\");","        local.crypto = require(\"crypto\");","        local.dgram = require(\"dgram\");","        local.dns = require(\"dns\");","        local.domain = require(\"domain\");","        local.events = require(\"events\");","        local.fs = require(\"fs\");","        local.http = require(\"http\");","        local.https = require(\"https\");","        local.net = require(\"net\");","        local.os = require(\"os\");","        local.path = require(\"path\");","        local.querystring = require(\"querystring\");","        local.readline = require(\"readline\");","        local.repl = require(\"repl\");","        local.stream = require(\"stream\");","        local.string_decoder = require(\"string_decoder\");","        local.timers = require(\"timers\");","        local.tls = require(\"tls\");","        local.tty = require(\"tty\");","        local.url = require(\"url\");","        local.util = require(\"util\");","        local.vm = require(\"vm\");","        local.zlib = require(\"zlib\");","    }","}(this));","","","","(function (local) {","\"use strict\";","","","","/* istanbul ignore next */","// run shared js-env code - init-before","(function () {","// init local","local = (","    globalThis.utility2_rollup","    // || globalThis.utility2_rollup_old","    // || require(\"./assets.utility2.rollup.js\")","    || globalThis.globalLocal",");","// init exports","if (local.isBrowser) {","    globalThis.utility2_electron = local;","} else {","    module.exports = local;","    module.exports.__dirname = __dirname;","}","// init lib main","local.electron = local;","","","","/* validateLineSortedReset */","return;","}());","","","","// run node js-env code - init-after","/* istanbul ignore next */","(function () {","// run cli","if (local.isBrowser || module !== require.main || process.versions.electron) {","    return;","}","local.__filename = \"electron\";","([(","    process.platform === \"darwin\"","    && __dirname + \"/external/Atom.app/Contents/MacOS/Atom\"","), (","    process.platform === \"darwin\"","    && __dirname + \"/external/Electron.app/Contents/MacOS/Electron\"","), __dirname + \"/external/electron\"]).some(function (file) {","    if (file && local.fs.existsSync(file)) {","        local.__filename = file;","        return true;","    }","});","// run electron in child_process","local.child = local.child_process.spawn(","    local.__filename,","    process.argv.slice(2),","    {","        stdio: [0, \"pipe\", 2]","    }",");","local.child.on(\"exit\", process.exit);","local.child.stdout.on(\"data\", function (chunk, encoding, cb) {","    // bug-workaround - force electron v1.8.x and higher to exit after running command","    // --help|-h","    switch (process.argv[2]) {","    case \"--help\":","    case \"-h\":","        process.stdout.write(chunk, encoding, cb);","        local.child.kill();","        break;","    default:","        process.stdout.write(chunk, encoding, cb);","    }","});","}());","","","","}());",""],"l":{"14":1,"16":1,"17":1,"19":1,"20":1,"21":1,"24":1,"26":1,"27":1,"28":1,"33":1,"34":1,"36":1,"37":1,"38":1,"39":1,"41":1,"45":1,"46":1,"47":1,"49":1,"57":1,"61":1,"62":1,"63":1,"65":1,"82":1,"84":1,"90":1,"92":1,"96":1,"98":1,"102":1,"104":1,"110":1,"111":1,"112":1,"117":1,"120":1,"123":1,"124":1,"125":1,"126":1,"127":1,"128":1,"129":1,"130":1,"131":1,"132":1,"133":1,"134":1,"135":1,"136":1,"137":1,"138":1,"139":1,"140":1,"141":1,"142":1,"143":1,"144":1,"145":1,"146":1,"147":1,"148":1,"149":1,"150":1,"156":1,"163":1,"165":1,"172":1,"173":1,"175":1,"176":1,"179":1,"184":1,"191":1,"193":1,"194":1,"196":1,"197":1,"204":1,"205":1,"206":1,"210":1,"217":1,"218":1,"221":1,"224":1,"225":1,"226":1,"228":1}},"/home/travis/build/kaizhu256/node-electron-lite/example.js":{"path":"/home/travis/build/kaizhu256/node-electron-lite/example.js","s":{"1":2,"2":2,"3":2,"4":2,"5":2,"6":5,"7":5,"8":2,"9":0,"10":1,"11":1,"12":1,"13":1,"14":1,"15":1,"16":1,"17":1,"18":1,"19":1,"20":1,"21":0,"22":1,"23":1,"24":1,"25":1,"26":1,"27":1,"28":1,"29":1,"30":1,"31":1,"32":1,"33":2,"34":2},"b":{"1":[2,1,1,1],"2":[0,1],"3":[1,1]},"f":{"1":2,"2":5},"fnMap":{"1":{"name":"(anonymous_1)","line":99,"loc":{"start":{"line":99,"column":1},"end":{"line":99,"column":13}}},"2":{"name":"(anonymous_2)","line":104,"loc":{"start":{"line":104,"column":13},"end":{"line":104,"column":29}}}},"statementMap":{"1":{"start":{"line":99,"column":0},"end":{"line":169,"column":5}},"2":{"start":{"line":101,"column":4},"end":{"line":101,"column":17}},"3":{"start":{"line":102,"column":4},"end":{"line":102,"column":15}},"4":{"start":{"line":103,"column":4},"end":{"line":103,"column":16}},"5":{"start":{"line":104,"column":4},"end":{"line":166,"column":6}},"6":{"start":{"line":105,"column":8},"end":{"line":105,"column":22}},"7":{"start":{"line":106,"column":8},"end":{"line":165,"column":9}},"8":{"start":{"line":109,"column":12},"end":{"line":111,"column":13},"skip":true},"9":{"start":{"line":110,"column":16},"end":{"line":110,"column":23},"skip":true},"10":{"start":{"line":113,"column":12},"end":{"line":117,"column":13}},"11":{"start":{"line":114,"column":16},"end":{"line":114,"column":51}},"12":{"start":{"line":116,"column":16},"end":{"line":116,"column":62}},"13":{"start":{"line":118,"column":12},"end":{"line":118,"column":18}},"14":{"start":{"line":121,"column":12},"end":{"line":127,"column":14}},"15":{"start":{"line":129,"column":12},"end":{"line":133,"column":13}},"16":{"start":{"line":130,"column":16},"end":{"line":130,"column":66}},"17":{"start":{"line":132,"column":16},"end":{"line":132,"column":74}},"18":{"start":{"line":134,"column":12},"end":{"line":134,"column":71}},"19":{"start":{"line":137,"column":12},"end":{"line":141,"column":13},"skip":true},"20":{"start":{"line":138,"column":16},"end":{"line":138,"column":83},"skip":true},"21":{"start":{"line":140,"column":16},"end":{"line":140,"column":42},"skip":true},"22":{"start":{"line":143,"column":12},"end":{"line":146,"column":14}},"23":{"start":{"line":147,"column":12},"end":{"line":147,"column":18}},"24":{"start":{"line":150,"column":12},"end":{"line":150,"column":63}},"25":{"start":{"line":151,"column":12},"end":{"line":151,"column":18}},"26":{"start":{"line":155,"column":12},"end":{"line":159,"column":13},"skip":true},"27":{"start":{"line":156,"column":16},"end":{"line":156,"column":36},"skip":true},"28":{"start":{"line":158,"column":16},"end":{"line":158,"column":36},"skip":true},"29":{"start":{"line":160,"column":12},"end":{"line":160,"column":92}},"30":{"start":{"line":161,"column":12},"end":{"line":161,"column":94}},"31":{"start":{"line":163,"column":12},"end":{"line":163,"column":28}},"32":{"start":{"line":164,"column":12},"end":{"line":164,"column":18}},"33":{"start":{"line":167,"column":4},"end":{"line":167,"column":17}},"34":{"start":{"line":168,"column":4},"end":{"line":168,"column":13}}},"branchMap":{"1":{"line":106,"type":"switch","locations":[{"start":{"line":107,"column":8},"end":{"line":118,"column":18}},{"start":{"line":119,"column":8},"end":{"line":147,"column":18}},{"start":{"line":148,"column":8},"end":{"line":151,"column":18}},{"start":{"line":152,"column":8},"end":{"line":164,"column":18}}]},"2":{"line":109,"type":"if","locations":[{"start":{"line":109,"column":12},"end":{"line":109,"column":12},"skip":true},{"start":{"line":109,"column":12},"end":{"line":109,"column":12},"skip":true}]},"3":{"line":143,"type":"binary-expr","locations":[{"start":{"line":143,"column":13},"end":{"line":143,"column":42}},{"start":{"line":143,"column":46},"end":{"line":143,"column":75}}]}},"code":["","","","","","","","","","","","","","","","","","","","","","","","","","","","","","","","","","","","","","","","","","","","","","","","","","","","","","","","","","","","","","","","","","","","","","","","","","","","","","","","/*","example.js","","this electron script will screenshot the webpage https://electron.atom.io","","instruction","    1. save this script as example.js","    2. run the shell command:","        $ npm install electron-lite && \\","            printf '{\"main\":\"example.js\",\"name\":\"undefined\",\"version\":\"0.0.1\"}' > \\","            package.json && \\","            ./node_modules/.bin/electron . --disable-overlay-scrollbar --enable-logging","    3. view screenshot /tmp/screenshot.testExampleJs.browser..png","*/","","","","/* istanbul instrument in package electron */","/* jslint utility2:true */","(function () {","    \"use strict\";","    var modeNext;","    var onNext;","    var options;","    onNext = function (data) {","        modeNext += 1;","        switch (modeNext) {","        case 1:","            /* istanbul ignore next */","            if (process.env.npm_config_mode_auto_restart) {","                return;","            }","            // wait for electron to init","            try {","                require(\"app\").on(\"ready\", onNext);","            } catch (ignore) {","                require(\"electron\").app.once(\"ready\", onNext);","            }","            break;","        case 2:","            // init options","            options = {","                frame: false,","                height: 768,","                width: 1024,","                x: 0,","                y: 0","            };","            // init browserWindow;","            try {","                options.BrowserWindow = require(\"browser-window\");","            } catch (ignore) {","                options.BrowserWindow = require(\"electron\").BrowserWindow;","            }","            options.browserWindow = new options.BrowserWindow(options);","            // goto next step when webpage is loaded","            /* istanbul ignore next */","            try {","                options.browserWindow.webContents.once(\"did-stop-loading\", onNext);","            } catch (ignore) {","                setTimeout(onNext, 10000);","            }","            // open url","            (options.browserWindow.loadUrl || options.browserWindow.loadURL).call(","                options.browserWindow,","                \"https://electron.atom.io\"","            );","            break;","        case 3:","            // screenshot webpage","            options.browserWindow.capturePage(options, onNext);","            break;","        case 4:","            // screenshot","            /* istanbul ignore next */","            try {","                data = data.toPng();","            } catch (ignore) {","                data = data.toPNG();","            }","            require(\"fs\").writeFileSync(\"/tmp/screenshot.testExampleJs.browser..png\", data);","            console.log(\"created screenshot file /tmp/screenshot.testExampleJs.browser..png\");","            // exit","            process.exit(0);","            break;","        }","    };","    modeNext = 0;","    onNext();","}());"],"l":{"99":2,"101":2,"102":2,"103":2,"104":2,"105":5,"106":5,"109":2,"110":1,"113":1,"114":1,"116":1,"118":1,"121":1,"129":1,"130":1,"132":1,"134":1,"137":1,"138":1,"140":1,"143":1,"147":1,"150":1,"151":1,"155":1,"156":1,"158":1,"160":1,"161":1,"163":1,"164":1,"167":2,"168":2}}}