{"/home/travis/build/kaizhu256/node-electron-lite/test.js":{"path":"/home/travis/build/kaizhu256/node-electron-lite/test.js","s":{"1":1,"2":1,"3":1,"4":1,"5":1,"6":1,"7":1,"8":1,"9":1,"10":1,"11":1,"12":1,"13":1,"14":1,"15":1,"16":1,"17":1,"18":2,"19":1,"20":1,"21":1,"22":1,"23":1,"24":1},"b":{"1":[1]},"f":{"1":1,"2":1,"3":1,"4":1,"5":1,"6":2,"7":1,"8":1,"9":1},"fnMap":{"1":{"name":"(anonymous_1)","line":12,"loc":{"start":{"line":12,"column":1},"end":{"line":12,"column":13}}},"2":{"name":"(anonymous_2)","line":19,"loc":{"start":{"line":19,"column":5},"end":{"line":19,"column":17}}},"3":{"name":"(anonymous_3)","line":32,"loc":{"start":{"line":32,"column":45},"end":{"line":32,"column":73}}},"4":{"name":"(anonymous_4)","line":40,"loc":{"start":{"line":40,"column":42},"end":{"line":40,"column":70}}},"5":{"name":"(anonymous_5)","line":49,"loc":{"start":{"line":49,"column":42},"end":{"line":49,"column":70}}},"6":{"name":"(anonymous_6)","line":56,"loc":{"start":{"line":56,"column":43},"end":{"line":56,"column":71}}},"7":{"name":"(anonymous_7)","line":63,"loc":{"start":{"line":63,"column":40},"end":{"line":63,"column":68}}},"8":{"name":"(anonymous_8)","line":67,"loc":{"start":{"line":67,"column":27},"end":{"line":67,"column":39}}},"9":{"name":"(anonymous_9)","line":72,"loc":{"start":{"line":72,"column":41},"end":{"line":72,"column":69}}}},"statementMap":{"1":{"start":{"line":12,"column":0},"end":{"line":80,"column":5}},"2":{"start":{"line":14,"column":4},"end":{"line":14,"column":14}},"3":{"start":{"line":19,"column":4},"end":{"line":25,"column":9}},"4":{"start":{"line":21,"column":8},"end":{"line":21,"column":52}},"5":{"start":{"line":22,"column":8},"end":{"line":22,"column":35}},"6":{"start":{"line":24,"column":8},"end":{"line":24,"column":33}},"7":{"start":{"line":26,"column":4},"end":{"line":79,"column":5}},"8":{"start":{"line":32,"column":8},"end":{"line":38,"column":10}},"9":{"start":{"line":36,"column":12},"end":{"line":36,"column":72}},"10":{"start":{"line":37,"column":12},"end":{"line":37,"column":48}},"11":{"start":{"line":40,"column":8},"end":{"line":47,"column":10}},"12":{"start":{"line":44,"column":12},"end":{"line":44,"column":78}},"13":{"start":{"line":45,"column":12},"end":{"line":45,"column":74}},"14":{"start":{"line":46,"column":12},"end":{"line":46,"column":35}},"15":{"start":{"line":49,"column":8},"end":{"line":54,"column":10}},"16":{"start":{"line":53,"column":12},"end":{"line":53,"column":35}},"17":{"start":{"line":56,"column":8},"end":{"line":61,"column":10}},"18":{"start":{"line":60,"column":12},"end":{"line":60,"column":35}},"19":{"start":{"line":63,"column":8},"end":{"line":70,"column":10}},"20":{"start":{"line":67,"column":12},"end":{"line":69,"column":14}},"21":{"start":{"line":68,"column":16},"end":{"line":68,"column":39}},"22":{"start":{"line":72,"column":8},"end":{"line":77,"column":10}},"23":{"start":{"line":76,"column":12},"end":{"line":76,"column":35}},"24":{"start":{"line":78,"column":8},"end":{"line":78,"column":14}}},"branchMap":{"1":{"line":26,"type":"switch","locations":[{"start":{"line":31,"column":4},"end":{"line":78,"column":14}}]}},"code":["/* istanbul instrument in package electron */","/*jslint","    bitwise: true,","    browser: true,","    maxerr: 4,","    maxlen: 100,","    node: true,","    nomen: true,","    regexp: true,","    stupid: true","*/","(function () {","    'use strict';","    var local;","","","","    // run shared js-env code - init-before","    (function () {","        // init local","        local = require('utility2').requireReadme();","        local.global.local = local;","        // init test","        local.testRunInit(local);","    }());","    switch (local.modeJs) {","","","","    // run node js-env code - function","    case 'node':","        local.testCase_buildApidoc_default = function (options, onError) {","        /*","         * this function will test buildApidoc's default handling-behavior-behavior","         */","            options = { moduleDict: { electron: require('electron') } };","            local.buildApidoc(options, onError);","        };","","        local.testCase_buildApp_default = function (options, onError) {","        /*","         * this function will test buildApp's default handling-behavior-behavior","         */","            local.testCase_buildReadme_default(options, local.onErrorDefault);","            local.testCase_buildTest_default(options, local.onErrorThrow);","            onError(null, options);","        };","","        local.testCase_buildLib_default = function (options, onError) {","        /*","         * this function will test buildLib's default handling-behavior-behavior","         */","            onError(null, options);","        };","","        local.testCase_buildTest_default = function (options, onError) {","        /*","         * this function will test buildTest's default handling-behavior","         */","            onError(null, options);","        };","","        local.testCase_exampleJs_exit = function (options, onError) {","        /*","         * this function will test example.js's exit handling-behavior","         */","            process.exit = function () {","                onError(null, options);","            };","        };","","        local.testCase_webpage_default = function (options, onError) {","        /*","         * this function will test webpage's default handling-behavior","         */","            onError(null, options);","        };","        break;","    }","}());",""],"l":{"12":1,"14":1,"19":1,"21":1,"22":1,"24":1,"26":1,"32":1,"36":1,"37":1,"40":1,"44":1,"45":1,"46":1,"49":1,"53":1,"56":1,"60":2,"63":1,"67":1,"68":1,"72":1,"76":1,"78":1}},"/home/travis/build/kaizhu256/node-electron-lite/example.js":{"path":"/home/travis/build/kaizhu256/node-electron-lite/example.js","s":{"1":1,"2":1,"3":1,"4":4,"5":4,"6":1,"7":0,"8":1,"9":1,"10":1,"11":1,"12":1,"13":1,"14":1,"15":1,"16":1,"17":1,"18":1,"19":1,"20":1,"21":1,"22":1,"23":1},"b":{"1":[1,1,1,1],"2":[0,1]},"f":{"1":1,"2":4},"fnMap":{"1":{"name":"(anonymous_1)","line":105,"loc":{"start":{"line":105,"column":1},"end":{"line":105,"column":13}}},"2":{"name":"(anonymous_2)","line":108,"loc":{"start":{"line":108,"column":13},"end":{"line":108,"column":29}}}},"statementMap":{"1":{"start":{"line":105,"column":0},"end":{"line":148,"column":5}},"2":{"start":{"line":107,"column":4},"end":{"line":107,"column":34}},"3":{"start":{"line":108,"column":4},"end":{"line":145,"column":6}},"4":{"start":{"line":109,"column":8},"end":{"line":109,"column":22}},"5":{"start":{"line":110,"column":8},"end":{"line":144,"column":9}},"6":{"start":{"line":113,"column":12},"end":{"line":115,"column":13},"skip":true},"7":{"start":{"line":114,"column":16},"end":{"line":114,"column":23},"skip":true},"8":{"start":{"line":117,"column":12},"end":{"line":117,"column":58}},"9":{"start":{"line":118,"column":12},"end":{"line":118,"column":18}},"10":{"start":{"line":121,"column":12},"end":{"line":121,"column":77}},"11":{"start":{"line":123,"column":12},"end":{"line":123,"column":70}},"12":{"start":{"line":124,"column":12},"end":{"line":124,"column":71}},"13":{"start":{"line":126,"column":12},"end":{"line":126,"column":79}},"14":{"start":{"line":128,"column":12},"end":{"line":128,"column":70}},"15":{"start":{"line":129,"column":12},"end":{"line":129,"column":18}},"16":{"start":{"line":132,"column":12},"end":{"line":132,"column":63}},"17":{"start":{"line":133,"column":12},"end":{"line":133,"column":18}},"18":{"start":{"line":136,"column":12},"end":{"line":139,"column":14}},"19":{"start":{"line":140,"column":12},"end":{"line":140,"column":94}},"20":{"start":{"line":142,"column":12},"end":{"line":142,"column":28}},"21":{"start":{"line":143,"column":12},"end":{"line":143,"column":18}},"22":{"start":{"line":146,"column":4},"end":{"line":146,"column":17}},"23":{"start":{"line":147,"column":4},"end":{"line":147,"column":13}}},"branchMap":{"1":{"line":110,"type":"switch","locations":[{"start":{"line":111,"column":8},"end":{"line":118,"column":18}},{"start":{"line":119,"column":8},"end":{"line":129,"column":18}},{"start":{"line":130,"column":8},"end":{"line":133,"column":18}},{"start":{"line":134,"column":8},"end":{"line":143,"column":18}}]},"2":{"line":113,"type":"if","locations":[{"start":{"line":113,"column":12},"end":{"line":113,"column":12},"skip":true},{"start":{"line":113,"column":12},"end":{"line":113,"column":12},"skip":true}]}},"code":["","","","","","","","","","","","","","","","","","","","","","","","","","","","","","","","","","","","","","","","","","","","","","","","","","","","","","","","","","","","","","","","","","","","","","","","","","","","","","","/*","example.js","","this electron script will screenshot the webpage https://electron.atom.io","","instruction","    1. save this script as example.js","    2. run the shell command:","        $ npm install electron-lite && \\","            printf '{\"main\":\"example.js\",\"name\":\"undefined\",\"version\":\"0.0.1\"}' > \\","            package.json && \\","            ./node_modules/.bin/electron . --disable-overlay-scrollbar --enable-logging","    3. view screenshot /tmp/screenshot.testExampleJs.browser..png","*/","","/* istanbul instrument in package electron */","/*jslint","    bitwise: true,","    browser: true,","    maxerr: 4,","    maxlen: 100,","    node: true,","    nomen: true,","    regexp: true,","    stupid: true","*/","(function () {","    'use strict';","    var options, modeNext, onNext;","    onNext = function (data) {","        modeNext += 1;","        switch (modeNext) {","        case 1:","            /* istanbul ignore next */","            if (process.env.npm_config_mode_auto_restart) {","                return;","            }","            // wait for electron to init","            require('electron').app.once('ready', onNext);","            break;","        case 2:","            // init options","            options = { frame: false, height: 768, width: 1024, x: 0, y: 0 };","            // init browserWindow;","            options.BrowserWindow = require('electron').BrowserWindow;","            options.browserWindow = new options.BrowserWindow(options);","            // goto next step when webpage is loaded","            options.browserWindow.webContents.once('did-stop-loading', onNext);","            // open url","            options.browserWindow.loadURL('https://electron.atom.io');","            break;","        case 3:","            // screenshot webpage","            options.browserWindow.capturePage(options, onNext);","            break;","        case 4:","            // screenshot","            require('fs').writeFileSync(","                '/tmp/screenshot.testExampleJs.browser..png',","                data.toPng()","            );","            console.log('created screenshot file /tmp/screenshot.testExampleJs.browser..png');","            // exit","            process.exit(0);","            break;","        }","    };","    modeNext = 0;","    onNext();","}());"],"l":{"105":1,"107":1,"108":1,"109":4,"110":4,"113":1,"114":1,"117":1,"118":1,"121":1,"123":1,"124":1,"126":1,"128":1,"129":1,"132":1,"133":1,"136":1,"140":1,"142":1,"143":1,"146":1,"147":1}}}